[38;2;105;105;105m[07/10/23 00:34:00][0m[34m[INFO][0m[2;38;2;144;144;144m[[0m]8;id=989726;file:///lus/grand/projects/datascience/foremans/locations/thetaGPU/projects/saforem2/l2hmc-qcd/src/l2hmc/utils/dist.py\[2;4;38;2;144;144;144mdist.py[0m]8;;\[2;38;2;144;144;144m:[0m]8;id=180274;file:///lus/grand/projects/datascience/foremans/locations/thetaGPU/projects/saforem2/l2hmc-qcd/src/l2hmc/utils/dist.py#226\[2;38;2;144;144;144m226[0m]8;;\[2;38;2;144;144;144m][0m - Caught MASTER_PORT:[38;2;32;148;243m5433[0m from environment!
[38;2;105;105;105m[07/10/23 00:34:00][0m[33m[WARNING][0m[2;38;2;144;144;144m[[0m]8;id=471259;file:///lus/grand/projects/datascience/foremans/locations/thetaGPU/projects/saforem2/l2hmc-qcd/src/l2hmc/utils/dist.py\[2;4;38;2;144;144;144mdist.py[0m]8;;\[2;38;2;144;144;144m:[0m]8;id=491583;file:///lus/grand/projects/datascience/foremans/locations/thetaGPU/projects/saforem2/l2hmc-qcd/src/l2hmc/utils/dist.py#332\[2;38;2;144;144;144m332[0m]8;;\[2;38;2;144;144;144m][0m - Setting default dtype: float64
[38;2;105;105;105m[07/10/23 00:34:00][0m[34m[INFO][0m[2;38;2;144;144;144m[[0m]8;id=425381;file:///lus/grand/projects/datascience/foremans/locations/thetaGPU/projects/saforem2/l2hmc-qcd/src/l2hmc/utils/dist.py\[2;4;38;2;144;144;144mdist.py[0m]8;;\[2;38;2;144;144;144m:[0m]8;id=644979;file:///lus/grand/projects/datascience/foremans/locations/thetaGPU/projects/saforem2/l2hmc-qcd/src/l2hmc/utils/dist.py#338\[2;38;2;144;144;144m338[0m]8;;\[2;38;2;144;144;144m][0m - Global Rank: [38;2;32;148;243m0[0m [32m/[0m [38;2;32;148;243m0[0m
[38;2;105;105;105m[07/10/23 00:34:00][0m[34m[INFO][0m[2;38;2;144;144;144m[[0m]8;id=977581;file:///lus/grand/projects/datascience/foremans/locations/thetaGPU/projects/saforem2/l2hmc-qcd/src/l2hmc/utils/dist.py\[2;4;38;2;144;144;144mdist.py[0m]8;;\[2;38;2;144;144;144m:[0m]8;id=786520;file:///lus/grand/projects/datascience/foremans/locations/thetaGPU/projects/saforem2/l2hmc-qcd/src/l2hmc/utils/dist.py#226\[2;38;2;144;144;144m226[0m]8;;\[2;38;2;144;144;144m][0m - Caught MASTER_PORT:[38;2;32;148;243m5433[0m from environment!
[38;2;105;105;105m[07/10/23 00:34:00][0m[34m[INFO][0m[2;38;2;144;144;144m[[0m]8;id=378242;file:///lus/grand/projects/datascience/foremans/locations/thetaGPU/projects/saforem2/l2hmc-qcd/src/l2hmc/utils/dist.py\[2;4;38;2;144;144;144mdist.py[0m]8;;\[2;38;2;144;144;144m:[0m]8;id=40135;file:///lus/grand/projects/datascience/foremans/locations/thetaGPU/projects/saforem2/l2hmc-qcd/src/l2hmc/utils/dist.py#226\[2;38;2;144;144;144m226[0m]8;;\[2;38;2;144;144;144m][0m - Caught MASTER_PORT:[38;2;32;148;243m5433[0m from environment!
[38;2;105;105;105m[07/10/23 00:34:01][0m[33m[WARNING][0m[2;38;2;144;144;144m[[0m]8;id=543817;file:///lus/grand/projects/datascience/foremans/locations/thetaGPU/projects/saforem2/l2hmc-qcd/src/l2hmc/trainers/pytorch/trainer.py\[2;4;38;2;144;144;144mtrainer.py[0m]8;;\[2;38;2;144;144;144m:[0m]8;id=373565;file:///lus/grand/projects/datascience/foremans/locations/thetaGPU/projects/saforem2/l2hmc-qcd/src/l2hmc/trainers/pytorch/trainer.py#436\[2;38;2;144;144;144m436[0m]8;;\[2;38;2;144;144;144m][0m - Using `torch.optim.Adam` optimizer
[38;2;105;105;105m[07/10/23 00:34:01][0m[34m[INFO][0m[2;38;2;144;144;144m[[0m]8;id=473873;file:///lus/grand/projects/datascience/foremans/locations/thetaGPU/projects/saforem2/l2hmc-qcd/src/l2hmc/trainers/pytorch/trainer.py\[2;4;38;2;144;144;144mtrainer.py[0m]8;;\[2;38;2;144;144;144m:[0m]8;id=438306;file:///lus/grand/projects/datascience/foremans/locations/thetaGPU/projects/saforem2/l2hmc-qcd/src/l2hmc/trainers/pytorch/trainer.py#284\[2;38;2;144;144;144m284[0m]8;;\[2;38;2;144;144;144m][0m - num_params in model: [38;2;32;148;243m788[0m
[38;2;105;105;105m[07/10/23 00:34:01][0m[33m[WARNING][0m[2;38;2;144;144;144m[[0m]8;id=99359;file:///lus/grand/projects/datascience/foremans/locations/thetaGPU/projects/saforem2/l2hmc-qcd/src/l2hmc/trainers/pytorch/trainer.py\[2;4;38;2;144;144;144mtrainer.py[0m]8;;\[2;38;2;144;144;144m:[0m]8;id=697811;file:///lus/grand/projects/datascience/foremans/locations/thetaGPU/projects/saforem2/l2hmc-qcd/src/l2hmc/trainers/pytorch/trainer.py#250\[2;38;2;144;144;144m250[0m]8;;\[2;38;2;144;144;144m][0m - logging with freq [38;2;32;148;243m1[0m for wandb.watch
[38;2;105;105;105m[07/10/23 00:34:01][0m[34m[INFO][0m[2;38;2;144;144;144m[[0m]8;id=520621;file:///lus/grand/projects/datascience/foremans/locations/thetaGPU/projects/saforem2/l2hmc-qcd/src/l2hmc/experiment/pytorch/experiment.py\[2;4;38;2;144;144;144mexperiment.py[0m]8;;\[2;38;2;144;144;144m:[0m]8;id=994339;file:///lus/grand/projects/datascience/foremans/locations/thetaGPU/projects/saforem2/l2hmc-qcd/src/l2hmc/experiment/pytorch/experiment.py#114\[2;38;2;144;144;144m114[0m]8;;\[2;38;2;144;144;144m][0m - Running [38;2;32;148;243m10[0m steps of hmc at [38;2;125;134;151mbeta[0m=[38;2;32;148;243m6[0m[38;2;32;148;243m.0000[0m
[38;2;105;105;105m[07/10/23 00:34:01][0m[34m[INFO][0m[2;38;2;144;144;144m[[0m]8;id=485343;file:///lus/grand/projects/datascience/foremans/locations/thetaGPU/projects/saforem2/l2hmc-qcd/src/l2hmc/experiment/pytorch/experiment.py\[2;4;38;2;144;144;144mexperiment.py[0m]8;;\[2;38;2;144;144;144m:[0m]8;id=699340;file:///lus/grand/projects/datascience/foremans/locations/thetaGPU/projects/saforem2/l2hmc-qcd/src/l2hmc/experiment/pytorch/experiment.py#118\[2;38;2;144;144;144m118[0m]8;;\[2;38;2;144;144;144m][0m - STEP: [38;2;32;148;243m0[0m
[38;2;105;105;105m[07/10/23 00:34:01][0m[34m[INFO][0m[2;38;2;144;144;144m[[0m]8;id=575187;file:///lus/grand/projects/datascience/foremans/locations/thetaGPU/projects/saforem2/l2hmc-qcd/src/l2hmc/experiment/pytorch/experiment.py\[2;4;38;2;144;144;144mexperiment.py[0m]8;;\[2;38;2;144;144;144m:[0m]8;id=556624;file:///lus/grand/projects/datascience/foremans/locations/thetaGPU/projects/saforem2/l2hmc-qcd/src/l2hmc/experiment/pytorch/experiment.py#118\[2;38;2;144;144;144m118[0m]8;;\[2;38;2;144;144;144m][0m - STEP: [38;2;32;148;243m1[0m
[38;2;105;105;105m[07/10/23 00:34:02][0m[34m[INFO][0m[2;38;2;144;144;144m[[0m]8;id=288379;file:///lus/grand/projects/datascience/foremans/locations/thetaGPU/projects/saforem2/l2hmc-qcd/src/l2hmc/experiment/pytorch/experiment.py\[2;4;38;2;144;144;144mexperiment.py[0m]8;;\[2;38;2;144;144;144m:[0m]8;id=238643;file:///lus/grand/projects/datascience/foremans/locations/thetaGPU/projects/saforem2/l2hmc-qcd/src/l2hmc/experiment/pytorch/experiment.py#118\[2;38;2;144;144;144m118[0m]8;;\[2;38;2;144;144;144m][0m - STEP: [38;2;32;148;243m2[0m
[38;2;105;105;105m[07/10/23 00:34:02][0m[34m[INFO][0m[2;38;2;144;144;144m[[0m]8;id=401033;file:///lus/grand/projects/datascience/foremans/locations/thetaGPU/projects/saforem2/l2hmc-qcd/src/l2hmc/common.py\[2;4;38;2;144;144;144mcommon.py[0m]8;;\[2;38;2;144;144;144m:[0m]8;id=406074;file:///lus/grand/projects/datascience/foremans/locations/thetaGPU/projects/saforem2/l2hmc-qcd/src/l2hmc/common.py#97\[2;38;2;144;144;144m97[0m]8;;\[2;38;2;144;144;144m][0m - energy: [1;38;2;255;0;255mtorch.Size[0m[1m([0m[1m[[0m[38;2;32;148;243m2[0m, [38;2;32;148;243m4[0m[1m][0m[1m)[0m torch.float64
[1m[[0m[1m[[0m [38;2;32;148;243m-0.69086732[0m [38;2;32;148;243m-14.38092846[0m  [38;2;32;148;243m-2.53527072[0m  [38;2;32;148;243m-5.79408918[0m[1m][0m
 [1m[[0m [38;2;32;148;243m-0.70462773[0m [38;2;32;148;243m-14.35589562[0m  [38;2;32;148;243m-2.50519296[0m  [38;2;32;148;243m-5.77657151[0m[1m][0m[1m][0m
logprob: [1;38;2;255;0;255mtorch.Size[0m[1m([0m[1m[[0m[38;2;32;148;243m2[0m, [38;2;32;148;243m4[0m[1m][0m[1m)[0m torch.float64 
[1m[[0m[1m[[0m [38;2;32;148;243m-0.69086732[0m [38;2;32;148;243m-14.38092846[0m  [38;2;32;148;243m-2.53527072[0m  [38;2;32;148;243m-5.79408918[0m[1m][0m
 [1m[[0m [38;2;32;148;243m-0.70462773[0m [38;2;32;148;243m-14.35589562[0m  [38;2;32;148;243m-2.50519296[0m  [38;2;32;148;243m-5.77657151[0m[1m][0m[1m][0m
logdet: [1;38;2;255;0;255mtorch.Size[0m[1m([0m[1m[[0m[38;2;32;148;243m2[0m, [38;2;32;148;243m4[0m[1m][0m[1m)[0m torch.float64 
[1m[[0m[1m[[0m[38;2;32;148;243m0[0m. [38;2;32;148;243m0[0m. [38;2;32;148;243m0[0m. [38;2;32;148;243m0[0m.[1m][0m
 [1m[[0m[38;2;32;148;243m0[0m. [38;2;32;148;243m0[0m. [38;2;32;148;243m0[0m. [38;2;32;148;243m0[0m.[1m][0m[1m][0m
acc: [1;38;2;255;0;255mtorch.Size[0m[1m([0m[1m[[0m[38;2;32;148;243m4[0m[1m][0m[1m)[0m torch.float64 
[1m[[0m[38;2;32;148;243m1[0m.         [38;2;32;148;243m0.97527789[0m [38;2;32;148;243m0.97037008[0m [38;2;32;148;243m0.98263488[0m[1m][0m
sumlogdet: [1;38;2;255;0;255mtorch.Size[0m[1m([0m[1m[[0m[38;2;32;148;243m4[0m[1m][0m[1m)[0m torch.float64 
[1m[[0m[38;2;32;148;243m0[0m. [38;2;32;148;243m0[0m. [38;2;32;148;243m0[0m. [38;2;32;148;243m0[0m.[1m][0m
acc_mask: [1;38;2;255;0;255mtorch.Size[0m[1m([0m[1m[[0m[38;2;32;148;243m4[0m[1m][0m[1m)[0m torch.float32 
[1m[[0m[38;2;32;148;243m1[0m. [38;2;32;148;243m1[0m. [38;2;32;148;243m1[0m. [38;2;32;148;243m1[0m.[1m][0m
plaqs: [1;38;2;255;0;255mtorch.Size[0m[1m([0m[1m[[0m[38;2;32;148;243m4[0m[1m][0m[1m)[0m torch.float64 
[1m[[0m[38;2;32;148;243m-0.04019578[0m  [38;2;32;148;243m0.25242828[0m [38;2;32;148;243m-0.11731761[0m  [38;2;32;148;243m0.42869138[0m[1m][0m
sinQ: [1;38;2;255;0;255mtorch.Size[0m[1m([0m[1m[[0m[38;2;32;148;243m4[0m[1m][0m[1m)[0m torch.float64 
[1m[[0m [38;2;32;148;243m0.05340404[0m [38;2;32;148;243m-0.01279765[0m  [38;2;32;148;243m0.12578752[0m  [38;2;32;148;243m0.01619165[0m[1m][0m
intQ: [1;38;2;255;0;255mtorch.Size[0m[1m([0m[1m[[0m[38;2;32;148;243m4[0m[1m][0m[1m)[0m torch.float64 
[1m[[0m [38;2;32;148;243m0.00304367[0m [38;2;32;148;243m-0.00072938[0m  [38;2;32;148;243m0.00716903[0m  [38;2;32;148;243m0.00092281[0m[1m][0m
dQint: [1;38;2;255;0;255mtorch.Size[0m[1m([0m[1m[[0m[38;2;32;148;243m4[0m[1m][0m[1m)[0m torch.float64 
[1m[[0m[38;2;32;148;243m0.00157473[0m [38;2;32;148;243m0.00057456[0m [38;2;32;148;243m0.00191037[0m [38;2;32;148;243m0.00102426[0m[1m][0m
dQsin: [1;38;2;255;0;255mtorch.Size[0m[1m([0m[1m[[0m[38;2;32;148;243m4[0m[1m][0m[1m)[0m torch.float64 
[1m[[0m[38;2;32;148;243m0.02763018[0m [38;2;32;148;243m0.01008128[0m [38;2;32;148;243m0.03351934[0m [38;2;32;148;243m0.01797159[0m[1m][0m
loss: [3;38;2;255;0;255mNone[0m [3;38;2;255;0;255mNone[0m 
[38;2;32;148;243m-0.008168222726286584[0m
[38;2;105;105;105m[07/10/23 00:34:02][0m[34m[INFO][0m[2;38;2;144;144;144m[[0m]8;id=411346;file:///lus/grand/projects/datascience/foremans/locations/thetaGPU/projects/saforem2/l2hmc-qcd/src/l2hmc/experiment/pytorch/experiment.py\[2;4;38;2;144;144;144mexperiment.py[0m]8;;\[2;38;2;144;144;144m:[0m]8;id=846699;file:///lus/grand/projects/datascience/foremans/locations/thetaGPU/projects/saforem2/l2hmc-qcd/src/l2hmc/experiment/pytorch/experiment.py#118\[2;38;2;144;144;144m118[0m]8;;\[2;38;2;144;144;144m][0m - STEP: [38;2;32;148;243m3[0m
[38;2;105;105;105m[07/10/23 00:34:02][0m[34m[INFO][0m[2;38;2;144;144;144m[[0m]8;id=837638;file:///lus/grand/projects/datascience/foremans/locations/thetaGPU/projects/saforem2/l2hmc-qcd/src/l2hmc/experiment/pytorch/experiment.py\[2;4;38;2;144;144;144mexperiment.py[0m]8;;\[2;38;2;144;144;144m:[0m]8;id=35633;file:///lus/grand/projects/datascience/foremans/locations/thetaGPU/projects/saforem2/l2hmc-qcd/src/l2hmc/experiment/pytorch/experiment.py#118\[2;38;2;144;144;144m118[0m]8;;\[2;38;2;144;144;144m][0m - STEP: [38;2;32;148;243m4[0m
[38;2;105;105;105m[07/10/23 00:34:02][0m[34m[INFO][0m[2;38;2;144;144;144m[[0m]8;id=686547;file:///lus/grand/projects/datascience/foremans/locations/thetaGPU/projects/saforem2/l2hmc-qcd/src/l2hmc/common.py\[2;4;38;2;144;144;144mcommon.py[0m]8;;\[2;38;2;144;144;144m:[0m]8;id=929894;file:///lus/grand/projects/datascience/foremans/locations/thetaGPU/projects/saforem2/l2hmc-qcd/src/l2hmc/common.py#97\[2;38;2;144;144;144m97[0m]8;;\[2;38;2;144;144;144m][0m - energy: [1;38;2;255;0;255mtorch.Size[0m[1m([0m[1m[[0m[38;2;32;148;243m2[0m, [38;2;32;148;243m4[0m[1m][0m[1m)[0m torch.float64
[1m[[0m[1m[[0m  [38;2;32;148;243m1.39860924[0m  [38;2;32;148;243m-8.24827276[0m   [38;2;32;148;243m3.34737989[0m [38;2;32;148;243m-14.88448739[0m[1m][0m
 [1m[[0m  [38;2;32;148;243m1.33146216[0m  [38;2;32;148;243m-8.21513319[0m   [38;2;32;148;243m3.27633703[0m [38;2;32;148;243m-14.8857997[0m [1m][0m[1m][0m
logprob: [1;38;2;255;0;255mtorch.Size[0m[1m([0m[1m[[0m[38;2;32;148;243m2[0m, [38;2;32;148;243m4[0m[1m][0m[1m)[0m torch.float64 
[1m[[0m[1m[[0m  [38;2;32;148;243m1.39860924[0m  [38;2;32;148;243m-8.24827276[0m   [38;2;32;148;243m3.34737989[0m [38;2;32;148;243m-14.88448739[0m[1m][0m
 [1m[[0m  [38;2;32;148;243m1.33146216[0m  [38;2;32;148;243m-8.21513319[0m   [38;2;32;148;243m3.27633703[0m [38;2;32;148;243m-14.8857997[0m [1m][0m[1m][0m
logdet: [1;38;2;255;0;255mtorch.Size[0m[1m([0m[1m[[0m[38;2;32;148;243m2[0m, [38;2;32;148;243m4[0m[1m][0m[1m)[0m torch.float64 
[1m[[0m[1m[[0m[38;2;32;148;243m0[0m. [38;2;32;148;243m0[0m. [38;2;32;148;243m0[0m. [38;2;32;148;243m0[0m.[1m][0m
 [1m[[0m[38;2;32;148;243m0[0m. [38;2;32;148;243m0[0m. [38;2;32;148;243m0[0m. [38;2;32;148;243m0[0m.[1m][0m[1m][0m
acc: [1;38;2;255;0;255mtorch.Size[0m[1m([0m[1m[[0m[38;2;32;148;243m4[0m[1m][0m[1m)[0m torch.float64 
[1m[[0m[38;2;32;148;243m1[0m.         [38;2;32;148;243m0.96740353[0m [38;2;32;148;243m1[0m.         [38;2;32;148;243m1[0m.        [1m][0m
sumlogdet: [1;38;2;255;0;255mtorch.Size[0m[1m([0m[1m[[0m[38;2;32;148;243m4[0m[1m][0m[1m)[0m torch.float64 
[1m[[0m[38;2;32;148;243m0[0m. [38;2;32;148;243m0[0m. [38;2;32;148;243m0[0m. [38;2;32;148;243m0[0m.[1m][0m
acc_mask: [1;38;2;255;0;255mtorch.Size[0m[1m([0m[1m[[0m[38;2;32;148;243m4[0m[1m][0m[1m)[0m torch.float32 
[1m[[0m[38;2;32;148;243m1[0m. [38;2;32;148;243m1[0m. [38;2;32;148;243m1[0m. [38;2;32;148;243m1[0m.[1m][0m
plaqs: [1;38;2;255;0;255mtorch.Size[0m[1m([0m[1m[[0m[38;2;32;148;243m4[0m[1m][0m[1m)[0m torch.float64 
[1m[[0m [38;2;32;148;243m0.00403532[0m  [38;2;32;148;243m0.35838788[0m [38;2;32;148;243m-0.06434068[0m  [38;2;32;148;243m0.44015082[0m[1m][0m
sinQ: [1;38;2;255;0;255mtorch.Size[0m[1m([0m[1m[[0m[38;2;32;148;243m4[0m[1m][0m[1m)[0m torch.float64 
[1m[[0m [38;2;32;148;243m0.0103497[0m  [38;2;32;148;243m-0.00736511[0m  [38;2;32;148;243m0.07565722[0m  [38;2;32;148;243m0.00613702[0m[1m][0m
intQ: [1;38;2;255;0;255mtorch.Size[0m[1m([0m[1m[[0m[38;2;32;148;243m4[0m[1m][0m[1m)[0m torch.float64 
[1m[[0m [38;2;32;148;243m0.00058986[0m [38;2;32;148;243m-0.00041976[0m  [38;2;32;148;243m0.00431194[0m  [38;2;32;148;243m0.00034977[0m[1m][0m
dQint: [1;38;2;255;0;255mtorch.Size[0m[1m([0m[1m[[0m[38;2;32;148;243m4[0m[1m][0m[1m)[0m torch.float64 
[1m[[0m[38;2;32;148;243m0.00110893[0m [38;2;32;148;243m0.00129393[0m [38;2;32;148;243m0.00057787[0m [38;2;32;148;243m0.00051233[0m[1m][0m
dQsin: [1;38;2;255;0;255mtorch.Size[0m[1m([0m[1m[[0m[38;2;32;148;243m4[0m[1m][0m[1m)[0m torch.float64 
[1m[[0m[38;2;32;148;243m0.01945716[0m [38;2;32;148;243m0.02270328[0m [38;2;32;148;243m0.0101393[0m  [38;2;32;148;243m0.00898932[0m[1m][0m
loss: [3;38;2;255;0;255mNone[0m [3;38;2;255;0;255mNone[0m 
[38;2;32;148;243m-0.009833544816799687[0m
[38;2;105;105;105m[07/10/23 00:34:02][0m[34m[INFO][0m[2;38;2;144;144;144m[[0m]8;id=155115;file:///lus/grand/projects/datascience/foremans/locations/thetaGPU/projects/saforem2/l2hmc-qcd/src/l2hmc/experiment/pytorch/experiment.py\[2;4;38;2;144;144;144mexperiment.py[0m]8;;\[2;38;2;144;144;144m:[0m]8;id=8601;file:///lus/grand/projects/datascience/foremans/locations/thetaGPU/projects/saforem2/l2hmc-qcd/src/l2hmc/experiment/pytorch/experiment.py#118\[2;38;2;144;144;144m118[0m]8;;\[2;38;2;144;144;144m][0m - STEP: [38;2;32;148;243m5[0m
[38;2;105;105;105m[07/10/23 00:34:02][0m[34m[INFO][0m[2;38;2;144;144;144m[[0m]8;id=12356;file:///lus/grand/projects/datascience/foremans/locations/thetaGPU/projects/saforem2/l2hmc-qcd/src/l2hmc/experiment/pytorch/experiment.py\[2;4;38;2;144;144;144mexperiment.py[0m]8;;\[2;38;2;144;144;144m:[0m]8;id=656286;file:///lus/grand/projects/datascience/foremans/locations/thetaGPU/projects/saforem2/l2hmc-qcd/src/l2hmc/experiment/pytorch/experiment.py#118\[2;38;2;144;144;144m118[0m]8;;\[2;38;2;144;144;144m][0m - STEP: [38;2;32;148;243m6[0m
[38;2;105;105;105m[07/10/23 00:34:02][0m[34m[INFO][0m[2;38;2;144;144;144m[[0m]8;id=915429;file:///lus/grand/projects/datascience/foremans/locations/thetaGPU/projects/saforem2/l2hmc-qcd/src/l2hmc/common.py\[2;4;38;2;144;144;144mcommon.py[0m]8;;\[2;38;2;144;144;144m:[0m]8;id=291316;file:///lus/grand/projects/datascience/foremans/locations/thetaGPU/projects/saforem2/l2hmc-qcd/src/l2hmc/common.py#97\[2;38;2;144;144;144m97[0m]8;;\[2;38;2;144;144;144m][0m - energy: [1;38;2;255;0;255mtorch.Size[0m[1m([0m[1m[[0m[38;2;32;148;243m2[0m, [38;2;32;148;243m4[0m[1m][0m[1m)[0m torch.float64
[1m[[0m[1m[[0m  [38;2;32;148;243m0.27365576[0m [38;2;32;148;243m-21.59904202[0m   [38;2;32;148;243m1.74124458[0m [38;2;32;148;243m-18.86122606[0m[1m][0m
 [1m[[0m  [38;2;32;148;243m0.24913255[0m [38;2;32;148;243m-21.59822801[0m   [38;2;32;148;243m1.75193104[0m [38;2;32;148;243m-18.92830986[0m[1m][0m[1m][0m
logprob: [1;38;2;255;0;255mtorch.Size[0m[1m([0m[1m[[0m[38;2;32;148;243m2[0m, [38;2;32;148;243m4[0m[1m][0m[1m)[0m torch.float64 
[1m[[0m[1m[[0m  [38;2;32;148;243m0.27365576[0m [38;2;32;148;243m-21.59904202[0m   [38;2;32;148;243m1.74124458[0m [38;2;32;148;243m-18.86122606[0m[1m][0m
 [1m[[0m  [38;2;32;148;243m0.24913255[0m [38;2;32;148;243m-21.59822801[0m   [38;2;32;148;243m1.75193104[0m [38;2;32;148;243m-18.92830986[0m[1m][0m[1m][0m
logdet: [1;38;2;255;0;255mtorch.Size[0m[1m([0m[1m[[0m[38;2;32;148;243m2[0m, [38;2;32;148;243m4[0m[1m][0m[1m)[0m torch.float64 
[1m[[0m[1m[[0m[38;2;32;148;243m0[0m. [38;2;32;148;243m0[0m. [38;2;32;148;243m0[0m. [38;2;32;148;243m0[0m.[1m][0m
 [1m[[0m[38;2;32;148;243m0[0m. [38;2;32;148;243m0[0m. [38;2;32;148;243m0[0m. [38;2;32;148;243m0[0m.[1m][0m[1m][0m
acc: [1;38;2;255;0;255mtorch.Size[0m[1m([0m[1m[[0m[38;2;32;148;243m4[0m[1m][0m[1m)[0m torch.float64 
[1m[[0m[38;2;32;148;243m1[0m.         [38;2;32;148;243m0.99918632[0m [38;2;32;148;243m0.98937043[0m [38;2;32;148;243m1[0m.        [1m][0m
sumlogdet: [1;38;2;255;0;255mtorch.Size[0m[1m([0m[1m[[0m[38;2;32;148;243m4[0m[1m][0m[1m)[0m torch.float64 
[1m[[0m[38;2;32;148;243m0[0m. [38;2;32;148;243m0[0m. [38;2;32;148;243m0[0m. [38;2;32;148;243m0[0m.[1m][0m
acc_mask: [1;38;2;255;0;255mtorch.Size[0m[1m([0m[1m[[0m[38;2;32;148;243m4[0m[1m][0m[1m)[0m torch.float32 
[1m[[0m[38;2;32;148;243m1[0m. [38;2;32;148;243m1[0m. [38;2;32;148;243m1[0m. [38;2;32;148;243m1[0m.[1m][0m
plaqs: [1;38;2;255;0;255mtorch.Size[0m[1m([0m[1m[[0m[38;2;32;148;243m4[0m[1m][0m[1m)[0m torch.float64 
[1m[[0m[38;2;32;148;243m-0.04736057[0m  [38;2;32;148;243m0.38109942[0m [38;2;32;148;243m-0.11185821[0m  [38;2;32;148;243m0.53755444[0m[1m][0m
sinQ: [1;38;2;255;0;255mtorch.Size[0m[1m([0m[1m[[0m[38;2;32;148;243m4[0m[1m][0m[1m)[0m torch.float64 
[1m[[0m[38;2;32;148;243m-0.00537622[0m [38;2;32;148;243m-0.02558752[0m  [38;2;32;148;243m0.03393918[0m [38;2;32;148;243m-0.00037724[0m[1m][0m
intQ: [1;38;2;255;0;255mtorch.Size[0m[1m([0m[1m[[0m[38;2;32;148;243m4[0m[1m][0m[1m)[0m torch.float64 
[1m[[0m[38;2;32;148;243m-3.06407768e-04[0m [38;2;32;148;243m-1.45831384e-03[0m  [38;2;32;148;243m1.93430146e-03[0m [38;2;32;148;243m-2.14999690e-05[0m[1m][0m
dQint: [1;38;2;255;0;255mtorch.Size[0m[1m([0m[1m[[0m[38;2;32;148;243m4[0m[1m][0m[1m)[0m torch.float64 
[1m[[0m[38;2;32;148;243m3.23252730e-04[0m [38;2;32;148;243m1.10540674e-04[0m [38;2;32;148;243m1.51519904e-03[0m [38;2;32;148;243m3.39951387e-05[0m[1m][0m
dQsin: [1;38;2;255;0;255mtorch.Size[0m[1m([0m[1m[[0m[38;2;32;148;243m4[0m[1m][0m[1m)[0m torch.float64 
[1m[[0m[38;2;32;148;243m0.00567178[0m [38;2;32;148;243m0.00193954[0m [38;2;32;148;243m0.02658563[0m [38;2;32;148;243m0.00059648[0m[1m][0m
loss: [3;38;2;255;0;255mNone[0m [3;38;2;255;0;255mNone[0m 
[38;2;32;148;243m-0.007329145067606924[0m
[38;2;105;105;105m[07/10/23 00:34:02][0m[34m[INFO][0m[2;38;2;144;144;144m[[0m]8;id=149441;file:///lus/grand/projects/datascience/foremans/locations/thetaGPU/projects/saforem2/l2hmc-qcd/src/l2hmc/experiment/pytorch/experiment.py\[2;4;38;2;144;144;144mexperiment.py[0m]8;;\[2;38;2;144;144;144m:[0m]8;id=375107;file:///lus/grand/projects/datascience/foremans/locations/thetaGPU/projects/saforem2/l2hmc-qcd/src/l2hmc/experiment/pytorch/experiment.py#118\[2;38;2;144;144;144m118[0m]8;;\[2;38;2;144;144;144m][0m - STEP: [38;2;32;148;243m7[0m
[38;2;105;105;105m[07/10/23 00:34:02][0m[34m[INFO][0m[2;38;2;144;144;144m[[0m]8;id=308808;file:///lus/grand/projects/datascience/foremans/locations/thetaGPU/projects/saforem2/l2hmc-qcd/src/l2hmc/experiment/pytorch/experiment.py\[2;4;38;2;144;144;144mexperiment.py[0m]8;;\[2;38;2;144;144;144m:[0m]8;id=457295;file:///lus/grand/projects/datascience/foremans/locations/thetaGPU/projects/saforem2/l2hmc-qcd/src/l2hmc/experiment/pytorch/experiment.py#118\[2;38;2;144;144;144m118[0m]8;;\[2;38;2;144;144;144m][0m - STEP: [38;2;32;148;243m8[0m
[38;2;105;105;105m[07/10/23 00:34:02][0m[34m[INFO][0m[2;38;2;144;144;144m[[0m]8;id=150116;file:///lus/grand/projects/datascience/foremans/locations/thetaGPU/projects/saforem2/l2hmc-qcd/src/l2hmc/common.py\[2;4;38;2;144;144;144mcommon.py[0m]8;;\[2;38;2;144;144;144m:[0m]8;id=499861;file:///lus/grand/projects/datascience/foremans/locations/thetaGPU/projects/saforem2/l2hmc-qcd/src/l2hmc/common.py#97\[2;38;2;144;144;144m97[0m]8;;\[2;38;2;144;144;144m][0m - energy: [1;38;2;255;0;255mtorch.Size[0m[1m([0m[1m[[0m[38;2;32;148;243m2[0m, [38;2;32;148;243m4[0m[1m][0m[1m)[0m torch.float64
[1m[[0m[1m[[0m  [38;2;32;148;243m2.01764953[0m [38;2;32;148;243m-17.90357895[0m  [38;2;32;148;243m-2.9474882[0m  [38;2;32;148;243m-23.68449054[0m[1m][0m
 [1m[[0m  [38;2;32;148;243m2.02096285[0m [38;2;32;148;243m-17.97045139[0m  [38;2;32;148;243m-2.9506635[0m  [38;2;32;148;243m-23.73784764[0m[1m][0m[1m][0m
logprob: [1;38;2;255;0;255mtorch.Size[0m[1m([0m[1m[[0m[38;2;32;148;243m2[0m, [38;2;32;148;243m4[0m[1m][0m[1m)[0m torch.float64 
[1m[[0m[1m[[0m  [38;2;32;148;243m2.01764953[0m [38;2;32;148;243m-17.90357895[0m  [38;2;32;148;243m-2.9474882[0m  [38;2;32;148;243m-23.68449054[0m[1m][0m
 [1m[[0m  [38;2;32;148;243m2.02096285[0m [38;2;32;148;243m-17.97045139[0m  [38;2;32;148;243m-2.9506635[0m  [38;2;32;148;243m-23.73784764[0m[1m][0m[1m][0m
logdet: [1;38;2;255;0;255mtorch.Size[0m[1m([0m[1m[[0m[38;2;32;148;243m2[0m, [38;2;32;148;243m4[0m[1m][0m[1m)[0m torch.float64 
[1m[[0m[1m[[0m[38;2;32;148;243m0[0m. [38;2;32;148;243m0[0m. [38;2;32;148;243m0[0m. [38;2;32;148;243m0[0m.[1m][0m
 [1m[[0m[38;2;32;148;243m0[0m. [38;2;32;148;243m0[0m. [38;2;32;148;243m0[0m. [38;2;32;148;243m0[0m.[1m][0m[1m][0m
acc: [1;38;2;255;0;255mtorch.Size[0m[1m([0m[1m[[0m[38;2;32;148;243m4[0m[1m][0m[1m)[0m torch.float64 
[1m[[0m[38;2;32;148;243m0.99669216[0m [38;2;32;148;243m1[0m.         [38;2;32;148;243m1[0m.         [38;2;32;148;243m1[0m.        [1m][0m
sumlogdet: [1;38;2;255;0;255mtorch.Size[0m[1m([0m[1m[[0m[38;2;32;148;243m4[0m[1m][0m[1m)[0m torch.float64 
[1m[[0m[38;2;32;148;243m0[0m. [38;2;32;148;243m0[0m. [38;2;32;148;243m0[0m. [38;2;32;148;243m0[0m.[1m][0m
acc_mask: [1;38;2;255;0;255mtorch.Size[0m[1m([0m[1m[[0m[38;2;32;148;243m4[0m[1m][0m[1m)[0m torch.float32 
[1m[[0m[38;2;32;148;243m1[0m. [38;2;32;148;243m1[0m. [38;2;32;148;243m1[0m. [38;2;32;148;243m1[0m.[1m][0m
plaqs: [1;38;2;255;0;255mtorch.Size[0m[1m([0m[1m[[0m[38;2;32;148;243m4[0m[1m][0m[1m)[0m torch.float64 
[1m[[0m[38;2;32;148;243m-0.02471372[0m  [38;2;32;148;243m0.45481596[0m [38;2;32;148;243m-0.00588262[0m  [38;2;32;148;243m0.53412281[0m[1m][0m
sinQ: [1;38;2;255;0;255mtorch.Size[0m[1m([0m[1m[[0m[38;2;32;148;243m4[0m[1m][0m[1m)[0m torch.float64 
[1m[[0m[38;2;32;148;243m-0.02252031[0m  [38;2;32;148;243m0.00419119[0m  [38;2;32;148;243m0.04481478[0m [38;2;32;148;243m-0.00579197[0m[1m][0m
intQ: [1;38;2;255;0;255mtorch.Size[0m[1m([0m[1m[[0m[38;2;32;148;243m4[0m[1m][0m[1m)[0m torch.float64 
[1m[[0m[38;2;32;148;243m-0.0012835[0m   [38;2;32;148;243m0.00023887[0m  [38;2;32;148;243m0.00255414[0m [38;2;32;148;243m-0.0003301[0m [1m][0m
dQint: [1;38;2;255;0;255mtorch.Size[0m[1m([0m[1m[[0m[38;2;32;148;243m4[0m[1m][0m[1m)[0m torch.float64 
[1m[[0m[38;2;32;148;243m2.86088566e-04[0m [38;2;32;148;243m4.85105060e-04[0m [38;2;32;148;243m4.02321597e-06[0m [38;2;32;148;243m1.53345580e-04[0m[1m][0m
dQsin: [1;38;2;255;0;255mtorch.Size[0m[1m([0m[1m[[0m[38;2;32;148;243m4[0m[1m][0m[1m)[0m torch.float64 
[1m[[0m[38;2;32;148;243m5.01969951e-03[0m [38;2;32;148;243m8.51163561e-03[0m [38;2;32;148;243m7.05912001e-05[0m [38;2;32;148;243m2.69059594e-03[0m[1m][0m
loss: [3;38;2;255;0;255mNone[0m [3;38;2;255;0;255mNone[0m 
[38;2;32;148;243m-0.007954764574465254[0m
[38;2;105;105;105m[07/10/23 00:34:02][0m[34m[INFO][0m[2;38;2;144;144;144m[[0m]8;id=878488;file:///lus/grand/projects/datascience/foremans/locations/thetaGPU/projects/saforem2/l2hmc-qcd/src/l2hmc/experiment/pytorch/experiment.py\[2;4;38;2;144;144;144mexperiment.py[0m]8;;\[2;38;2;144;144;144m:[0m]8;id=79203;file:///lus/grand/projects/datascience/foremans/locations/thetaGPU/projects/saforem2/l2hmc-qcd/src/l2hmc/experiment/pytorch/experiment.py#118\[2;38;2;144;144;144m118[0m]8;;\[2;38;2;144;144;144m][0m - STEP: [38;2;32;148;243m9[0m
[38;2;105;105;105m[07/10/23 00:34:02][0m[34m[INFO][0m[2;38;2;144;144;144m[[0m]8;id=908019;file:///lus/grand/projects/datascience/foremans/locations/thetaGPU/projects/saforem2/l2hmc-qcd/src/l2hmc/experiment/pytorch/experiment.py\[2;4;38;2;144;144;144mexperiment.py[0m]8;;\[2;38;2;144;144;144m:[0m]8;id=666447;file:///lus/grand/projects/datascience/foremans/locations/thetaGPU/projects/saforem2/l2hmc-qcd/src/l2hmc/experiment/pytorch/experiment.py#114\[2;38;2;144;144;144m114[0m]8;;\[2;38;2;144;144;144m][0m - Running [38;2;32;148;243m10[0m steps of eval at [38;2;125;134;151mbeta[0m=[38;2;32;148;243m6[0m[38;2;32;148;243m.0000[0m
[38;2;105;105;105m[07/10/23 00:34:02][0m[34m[INFO][0m[2;38;2;144;144;144m[[0m]8;id=917824;file:///lus/grand/projects/datascience/foremans/locations/thetaGPU/projects/saforem2/l2hmc-qcd/src/l2hmc/experiment/pytorch/experiment.py\[2;4;38;2;144;144;144mexperiment.py[0m]8;;\[2;38;2;144;144;144m:[0m]8;id=148008;file:///lus/grand/projects/datascience/foremans/locations/thetaGPU/projects/saforem2/l2hmc-qcd/src/l2hmc/experiment/pytorch/experiment.py#118\[2;38;2;144;144;144m118[0m]8;;\[2;38;2;144;144;144m][0m - STEP: [38;2;32;148;243m0[0m
[38;2;105;105;105m[07/10/23 00:34:02][0m[34m[INFO][0m[2;38;2;144;144;144m[[0m]8;id=354789;file:///lus/grand/projects/datascience/foremans/locations/thetaGPU/projects/saforem2/l2hmc-qcd/src/l2hmc/experiment/pytorch/experiment.py\[2;4;38;2;144;144;144mexperiment.py[0m]8;;\[2;38;2;144;144;144m:[0m]8;id=477097;file:///lus/grand/projects/datascience/foremans/locations/thetaGPU/projects/saforem2/l2hmc-qcd/src/l2hmc/experiment/pytorch/experiment.py#118\[2;38;2;144;144;144m118[0m]8;;\[2;38;2;144;144;144m][0m - STEP: [38;2;32;148;243m1[0m
[38;2;105;105;105m[07/10/23 00:34:03][0m[34m[INFO][0m[2;38;2;144;144;144m[[0m]8;id=536529;file:///lus/grand/projects/datascience/foremans/locations/thetaGPU/projects/saforem2/l2hmc-qcd/src/l2hmc/experiment/pytorch/experiment.py\[2;4;38;2;144;144;144mexperiment.py[0m]8;;\[2;38;2;144;144;144m:[0m]8;id=306423;file:///lus/grand/projects/datascience/foremans/locations/thetaGPU/projects/saforem2/l2hmc-qcd/src/l2hmc/experiment/pytorch/experiment.py#118\[2;38;2;144;144;144m118[0m]8;;\[2;38;2;144;144;144m][0m - STEP: [38;2;32;148;243m2[0m
[38;2;105;105;105m[07/10/23 00:34:03][0m[34m[INFO][0m[2;38;2;144;144;144m[[0m]8;id=566949;file:///lus/grand/projects/datascience/foremans/locations/thetaGPU/projects/saforem2/l2hmc-qcd/src/l2hmc/common.py\[2;4;38;2;144;144;144mcommon.py[0m]8;;\[2;38;2;144;144;144m:[0m]8;id=328523;file:///lus/grand/projects/datascience/foremans/locations/thetaGPU/projects/saforem2/l2hmc-qcd/src/l2hmc/common.py#97\[2;38;2;144;144;144m97[0m]8;;\[2;38;2;144;144;144m][0m - energy: [1;38;2;255;0;255mtorch.Size[0m[1m([0m[1m[[0m[38;2;32;148;243m3[0m, [38;2;32;148;243m4[0m[1m][0m[1m)[0m torch.float64
[1m[[0m[1m[[0m [38;2;32;148;243m-0.68469192[0m [38;2;32;148;243m-10.33162684[0m  [38;2;32;148;243m-2.98300746[0m [38;2;32;148;243m-19.09786231[0m[1m][0m
 [1m[[0m [38;2;32;148;243m-0.1730755[0m   [38;2;32;148;243m-9.5113727[0m   [38;2;32;148;243m-2.20765333[0m [38;2;32;148;243m-18.39887099[0m[1m][0m
 [1m[[0m [38;2;32;148;243m-0.97932295[0m  [38;2;32;148;243m-9.86339996[0m  [38;2;32;148;243m-2.52096596[0m [38;2;32;148;243m-18.93016394[0m[1m][0m[1m][0m
logprob: [1;38;2;255;0;255mtorch.Size[0m[1m([0m[1m[[0m[38;2;32;148;243m3[0m, [38;2;32;148;243m4[0m[1m][0m[1m)[0m torch.float64 
[1m[[0m[1m[[0m [38;2;32;148;243m-0.68469192[0m [38;2;32;148;243m-10.33162684[0m  [38;2;32;148;243m-2.98300746[0m [38;2;32;148;243m-19.09786231[0m[1m][0m
 [1m[[0m [38;2;32;148;243m-0.55586764[0m  [38;2;32;148;243m-9.88754204[0m  [38;2;32;148;243m-2.46380314[0m [38;2;32;148;243m-18.77368514[0m[1m][0m
 [1m[[0m [38;2;32;148;243m-0.97210714[0m  [38;2;32;148;243m-9.85331674[0m  [38;2;32;148;243m-2.47172442[0m [38;2;32;148;243m-18.9270824[0m [1m][0m[1m][0m
logdet: [1;38;2;255;0;255mtorch.Size[0m[1m([0m[1m[[0m[38;2;32;148;243m3[0m, [38;2;32;148;243m4[0m[1m][0m[1m)[0m torch.float64 
[1m[[0m[1m[[0m [38;2;32;148;243m0[0m.          [38;2;32;148;243m0[0m.          [38;2;32;148;243m0[0m.          [38;2;32;148;243m0[0m.        [1m][0m
 [1m[[0m [38;2;32;148;243m0.38279214[0m  [38;2;32;148;243m0.37616934[0m  [38;2;32;148;243m0.25614981[0m  [38;2;32;148;243m0.37481415[0m[1m][0m
 [1m[[0m[38;2;32;148;243m-0.00721581[0m [38;2;32;148;243m-0.01008321[0m [38;2;32;148;243m-0.04924154[0m [38;2;32;148;243m-0.00308154[0m[1m][0m[1m][0m
sldf: [1;38;2;255;0;255mtorch.Size[0m[1m([0m[1m[[0m[38;2;32;148;243m3[0m, [38;2;32;148;243m4[0m[1m][0m[1m)[0m torch.float64 
[1m[[0m[1m[[0m[38;2;32;148;243m0[0m.         [38;2;32;148;243m0[0m.         [38;2;32;148;243m0[0m.         [38;2;32;148;243m0[0m.        [1m][0m
 [1m[[0m[38;2;32;148;243m0.38279214[0m [38;2;32;148;243m0.37616934[0m [38;2;32;148;243m0.25614981[0m [38;2;32;148;243m0.37481415[0m[1m][0m
 [1m[[0m[38;2;32;148;243m0[0m.         [38;2;32;148;243m0[0m.         [38;2;32;148;243m0[0m.         [38;2;32;148;243m0[0m.        [1m][0m[1m][0m
sldb: [1;38;2;255;0;255mtorch.Size[0m[1m([0m[1m[[0m[38;2;32;148;243m3[0m, [38;2;32;148;243m4[0m[1m][0m[1m)[0m torch.float64 
[1m[[0m[1m[[0m [38;2;32;148;243m0[0m.          [38;2;32;148;243m0[0m.          [38;2;32;148;243m0[0m.          [38;2;32;148;243m0[0m.        [1m][0m
 [1m[[0m [38;2;32;148;243m0[0m.          [38;2;32;148;243m0[0m.          [38;2;32;148;243m0[0m.          [38;2;32;148;243m0[0m.        [1m][0m
 [1m[[0m[38;2;32;148;243m-0.39000795[0m [38;2;32;148;243m-0.38625255[0m [38;2;32;148;243m-0.30539135[0m [38;2;32;148;243m-0.37789569[0m[1m][0m[1m][0m
sld: [1;38;2;255;0;255mtorch.Size[0m[1m([0m[1m[[0m[38;2;32;148;243m3[0m, [38;2;32;148;243m4[0m[1m][0m[1m)[0m torch.float64 
[1m[[0m[1m[[0m [38;2;32;148;243m0[0m.          [38;2;32;148;243m0[0m.          [38;2;32;148;243m0[0m.          [38;2;32;148;243m0[0m.        [1m][0m
 [1m[[0m [38;2;32;148;243m0.38279214[0m  [38;2;32;148;243m0.37616934[0m  [38;2;32;148;243m0.25614981[0m  [38;2;32;148;243m0.37481415[0m[1m][0m
 [1m[[0m[38;2;32;148;243m-0.00721581[0m [38;2;32;148;243m-0.01008321[0m [38;2;32;148;243m-0.04924154[0m [38;2;32;148;243m-0.00308154[0m[1m][0m[1m][0m
xeps: [1;38;2;255;0;255mtorch.Size[0m[1m([0m[1m[[0m[38;2;32;148;243m3[0m[1m][0m[1m)[0m torch.float64 
[1m[[0m[38;2;32;148;243m0.1[0m [38;2;32;148;243m0.1[0m [38;2;32;148;243m0.1[0m[1m][0m
veps: [1;38;2;255;0;255mtorch.Size[0m[1m([0m[1m[[0m[38;2;32;148;243m3[0m[1m][0m[1m)[0m torch.float64 
[1m[[0m[38;2;32;148;243m0.1[0m [38;2;32;148;243m0.1[0m [38;2;32;148;243m0.1[0m[1m][0m
acc: [1;38;2;255;0;255mtorch.Size[0m[1m([0m[1m[[0m[38;2;32;148;243m4[0m[1m][0m[1m)[0m torch.float64 
[1m[[0m[38;2;32;148;243m1[0m.         [38;2;32;148;243m0.61982996[0m [38;2;32;148;243m0.59972561[0m [38;2;32;148;243m0.84300708[0m[1m][0m
sumlogdet: [1;38;2;255;0;255mtorch.Size[0m[1m([0m[1m[[0m[38;2;32;148;243m4[0m[1m][0m[1m)[0m torch.float64 
[1m[[0m[38;2;32;148;243m-0.00721581[0m [38;2;32;148;243m-0.01008321[0m [38;2;32;148;243m-0[0m.         [38;2;32;148;243m-0.00308154[0m[1m][0m
beta: [1;38;2;255;0;255mtorch.Size[0m[1m([0m[1m[[0m[1m][0m[1m)[0m torch.float64 
[38;2;32;148;243m6.0[0m
acc_mask: [1;38;2;255;0;255mtorch.Size[0m[1m([0m[1m[[0m[38;2;32;148;243m4[0m[1m][0m[1m)[0m torch.float32 
[1m[[0m[38;2;32;148;243m1[0m. [38;2;32;148;243m1[0m. [38;2;32;148;243m0[0m. [38;2;32;148;243m1[0m.[1m][0m
plaqs: [1;38;2;255;0;255mtorch.Size[0m[1m([0m[1m[[0m[38;2;32;148;243m4[0m[1m][0m[1m)[0m torch.float64 
[1m[[0m[38;2;32;148;243m0.04646082[0m [38;2;32;148;243m0.42698818[0m [38;2;32;148;243m0.15287809[0m [38;2;32;148;243m0.52552084[0m[1m][0m
sinQ: [1;38;2;255;0;255mtorch.Size[0m[1m([0m[1m[[0m[38;2;32;148;243m4[0m[1m][0m[1m)[0m torch.float64 
[1m[[0m [38;2;32;148;243m0.02541163[0m  [38;2;32;148;243m0.01750327[0m  [38;2;32;148;243m0.03600797[0m [38;2;32;148;243m-0.00789496[0m[1m][0m
intQ: [1;38;2;255;0;255mtorch.Size[0m[1m([0m[1m[[0m[38;2;32;148;243m4[0m[1m][0m[1m)[0m torch.float64 
[1m[[0m [38;2;32;148;243m0.00144829[0m  [38;2;32;148;243m0.00099757[0m  [38;2;32;148;243m0.00205221[0m [38;2;32;148;243m-0.00044996[0m[1m][0m
dQint: [1;38;2;255;0;255mtorch.Size[0m[1m([0m[1m[[0m[38;2;32;148;243m4[0m[1m][0m[1m)[0m torch.float64 
[1m[[0m[38;2;32;148;243m0.00388438[0m [38;2;32;148;243m0.0005834[0m  [38;2;32;148;243m0[0m.         [38;2;32;148;243m0.00186605[0m[1m][0m
dQsin: [1;38;2;255;0;255mtorch.Size[0m[1m([0m[1m[[0m[38;2;32;148;243m4[0m[1m][0m[1m)[0m torch.float64 
[1m[[0m[38;2;32;148;243m0.06815519[0m [38;2;32;148;243m0.01023627[0m [38;2;32;148;243m0[0m.         [38;2;32;148;243m0.03274156[0m[1m][0m
loss: [3;38;2;255;0;255mNone[0m [3;38;2;255;0;255mNone[0m 
[38;2;32;148;243m-0.025833146788692057[0m
[38;2;105;105;105m[07/10/23 00:34:03][0m[34m[INFO][0m[2;38;2;144;144;144m[[0m]8;id=129774;file:///lus/grand/projects/datascience/foremans/locations/thetaGPU/projects/saforem2/l2hmc-qcd/src/l2hmc/experiment/pytorch/experiment.py\[2;4;38;2;144;144;144mexperiment.py[0m]8;;\[2;38;2;144;144;144m:[0m]8;id=632127;file:///lus/grand/projects/datascience/foremans/locations/thetaGPU/projects/saforem2/l2hmc-qcd/src/l2hmc/experiment/pytorch/experiment.py#118\[2;38;2;144;144;144m118[0m]8;;\[2;38;2;144;144;144m][0m - STEP: [38;2;32;148;243m3[0m
[38;2;105;105;105m[07/10/23 00:34:03][0m[34m[INFO][0m[2;38;2;144;144;144m[[0m]8;id=562914;file:///lus/grand/projects/datascience/foremans/locations/thetaGPU/projects/saforem2/l2hmc-qcd/src/l2hmc/experiment/pytorch/experiment.py\[2;4;38;2;144;144;144mexperiment.py[0m]8;;\[2;38;2;144;144;144m:[0m]8;id=148967;file:///lus/grand/projects/datascience/foremans/locations/thetaGPU/projects/saforem2/l2hmc-qcd/src/l2hmc/experiment/pytorch/experiment.py#118\[2;38;2;144;144;144m118[0m]8;;\[2;38;2;144;144;144m][0m - STEP: [38;2;32;148;243m4[0m
[38;2;105;105;105m[07/10/23 00:34:03][0m[34m[INFO][0m[2;38;2;144;144;144m[[0m]8;id=184263;file:///lus/grand/projects/datascience/foremans/locations/thetaGPU/projects/saforem2/l2hmc-qcd/src/l2hmc/common.py\[2;4;38;2;144;144;144mcommon.py[0m]8;;\[2;38;2;144;144;144m:[0m]8;id=613502;file:///lus/grand/projects/datascience/foremans/locations/thetaGPU/projects/saforem2/l2hmc-qcd/src/l2hmc/common.py#97\[2;38;2;144;144;144m97[0m]8;;\[2;38;2;144;144;144m][0m - energy: [1;38;2;255;0;255mtorch.Size[0m[1m([0m[1m[[0m[38;2;32;148;243m3[0m, [38;2;32;148;243m4[0m[1m][0m[1m)[0m torch.float64
[1m[[0m[1m[[0m[38;2;32;148;243m-13.61218076[0m [38;2;32;148;243m-22.30487839[0m  [38;2;32;148;243m-7.71775898[0m [38;2;32;148;243m-20.87091476[0m[1m][0m
 [1m[[0m[38;2;32;148;243m-13.59661947[0m [38;2;32;148;243m-21.58402633[0m  [38;2;32;148;243m-6.70880893[0m [38;2;32;148;243m-20.63464327[0m[1m][0m
 [1m[[0m[38;2;32;148;243m-13.96117165[0m [38;2;32;148;243m-21.16797334[0m  [38;2;32;148;243m-7.28834167[0m [38;2;32;148;243m-21.53016186[0m[1m][0m[1m][0m
logprob: [1;38;2;255;0;255mtorch.Size[0m[1m([0m[1m[[0m[38;2;32;148;243m3[0m, [38;2;32;148;243m4[0m[1m][0m[1m)[0m torch.float64 
[1m[[0m[1m[[0m[38;2;32;148;243m-13.61218076[0m [38;2;32;148;243m-22.30487839[0m  [38;2;32;148;243m-7.71775898[0m [38;2;32;148;243m-20.87091476[0m[1m][0m
 [1m[[0m[38;2;32;148;243m-13.97396496[0m [38;2;32;148;243m-21.9313619[0m   [38;2;32;148;243m-6.95863641[0m [38;2;32;148;243m-21.00568398[0m[1m][0m
 [1m[[0m[38;2;32;148;243m-13.96079968[0m [38;2;32;148;243m-21.20528299[0m  [38;2;32;148;243m-7.26335002[0m [38;2;32;148;243m-21.56496925[0m[1m][0m[1m][0m
logdet: [1;38;2;255;0;255mtorch.Size[0m[1m([0m[1m[[0m[38;2;32;148;243m3[0m, [38;2;32;148;243m4[0m[1m][0m[1m)[0m torch.float64 
[1m[[0m[1m[[0m [38;2;32;148;243m0.00000000e+00[0m  [38;2;32;148;243m0.00000000e+00[0m  [38;2;32;148;243m0.00000000e+00[0m  [38;2;32;148;243m0.00000000e+00[0m[1m][0m
 [1m[[0m [38;2;32;148;243m3.77345488e-01[0m  [38;2;32;148;243m3.47335575e-01[0m  [38;2;32;148;243m2.49827477e-01[0m  [38;2;32;148;243m3.71040705e-01[0m[1m][0m
 [1m[[0m[38;2;32;148;243m-3.71975598e-04[0m  [38;2;32;148;243m3.73096576e-02[0m [38;2;32;148;243m-2.49916460e-02[0m  [38;2;32;148;243m3.48073952e-02[0m[1m][0m[1m][0m
sldf: [1;38;2;255;0;255mtorch.Size[0m[1m([0m[1m[[0m[38;2;32;148;243m3[0m, [38;2;32;148;243m4[0m[1m][0m[1m)[0m torch.float64 
[1m[[0m[1m[[0m[38;2;32;148;243m0[0m.         [38;2;32;148;243m0[0m.         [38;2;32;148;243m0[0m.         [38;2;32;148;243m0[0m.        [1m][0m
 [1m[[0m[38;2;32;148;243m0.37734549[0m [38;2;32;148;243m0.34733557[0m [38;2;32;148;243m0.24982748[0m [38;2;32;148;243m0.3710407[0m [1m][0m
 [1m[[0m[38;2;32;148;243m0[0m.         [38;2;32;148;243m0[0m.         [38;2;32;148;243m0[0m.         [38;2;32;148;243m0[0m.        [1m][0m[1m][0m
sldb: [1;38;2;255;0;255mtorch.Size[0m[1m([0m[1m[[0m[38;2;32;148;243m3[0m, [38;2;32;148;243m4[0m[1m][0m[1m)[0m torch.float64 
[1m[[0m[1m[[0m [38;2;32;148;243m0[0m.          [38;2;32;148;243m0[0m.          [38;2;32;148;243m0[0m.          [38;2;32;148;243m0[0m.        [1m][0m
 [1m[[0m [38;2;32;148;243m0[0m.          [38;2;32;148;243m0[0m.          [38;2;32;148;243m0[0m.          [38;2;32;148;243m0[0m.        [1m][0m
 [1m[[0m[38;2;32;148;243m-0.37771746[0m [38;2;32;148;243m-0.31002592[0m [38;2;32;148;243m-0.27481912[0m [38;2;32;148;243m-0.33623331[0m[1m][0m[1m][0m
sld: [1;38;2;255;0;255mtorch.Size[0m[1m([0m[1m[[0m[38;2;32;148;243m3[0m, [38;2;32;148;243m4[0m[1m][0m[1m)[0m torch.float64 
[1m[[0m[1m[[0m [38;2;32;148;243m0.00000000e+00[0m  [38;2;32;148;243m0.00000000e+00[0m  [38;2;32;148;243m0.00000000e+00[0m  [38;2;32;148;243m0.00000000e+00[0m[1m][0m
 [1m[[0m [38;2;32;148;243m3.77345488e-01[0m  [38;2;32;148;243m3.47335575e-01[0m  [38;2;32;148;243m2.49827477e-01[0m  [38;2;32;148;243m3.71040705e-01[0m[1m][0m
 [1m[[0m[38;2;32;148;243m-3.71975598e-04[0m  [38;2;32;148;243m3.73096576e-02[0m [38;2;32;148;243m-2.49916460e-02[0m  [38;2;32;148;243m3.48073952e-02[0m[1m][0m[1m][0m
xeps: [1;38;2;255;0;255mtorch.Size[0m[1m([0m[1m[[0m[38;2;32;148;243m3[0m[1m][0m[1m)[0m torch.float64 
[1m[[0m[38;2;32;148;243m0.1[0m [38;2;32;148;243m0.1[0m [38;2;32;148;243m0.1[0m[1m][0m
veps: [1;38;2;255;0;255mtorch.Size[0m[1m([0m[1m[[0m[38;2;32;148;243m3[0m[1m][0m[1m)[0m torch.float64 
[1m[[0m[38;2;32;148;243m0.1[0m [38;2;32;148;243m0.1[0m [38;2;32;148;243m0.1[0m[1m][0m
acc: [1;38;2;255;0;255mtorch.Size[0m[1m([0m[1m[[0m[38;2;32;148;243m4[0m[1m][0m[1m)[0m torch.float64 
[1m[[0m[38;2;32;148;243m1[0m.         [38;2;32;148;243m0.33300579[0m [38;2;32;148;243m0.63482307[0m [38;2;32;148;243m1[0m.        [1m][0m
sumlogdet: [1;38;2;255;0;255mtorch.Size[0m[1m([0m[1m[[0m[38;2;32;148;243m4[0m[1m][0m[1m)[0m torch.float64 
[1m[[0m[38;2;32;148;243m-0.00037198[0m  [38;2;32;148;243m0[0m.         [38;2;32;148;243m-0.02499165[0m  [38;2;32;148;243m0.0348074[0m [1m][0m
beta: [1;38;2;255;0;255mtorch.Size[0m[1m([0m[1m[[0m[1m][0m[1m)[0m torch.float64 
[38;2;32;148;243m6.0[0m
acc_mask: [1;38;2;255;0;255mtorch.Size[0m[1m([0m[1m[[0m[38;2;32;148;243m4[0m[1m][0m[1m)[0m torch.float32 
[1m[[0m[38;2;32;148;243m1[0m. [38;2;32;148;243m0[0m. [38;2;32;148;243m1[0m. [38;2;32;148;243m1[0m.[1m][0m
plaqs: [1;38;2;255;0;255mtorch.Size[0m[1m([0m[1m[[0m[38;2;32;148;243m4[0m[1m][0m[1m)[0m torch.float64 
[1m[[0m[38;2;32;148;243m0.21134758[0m [38;2;32;148;243m0.61329529[0m [38;2;32;148;243m0.15287809[0m [38;2;32;148;243m0.61583172[0m[1m][0m
sinQ: [1;38;2;255;0;255mtorch.Size[0m[1m([0m[1m[[0m[38;2;32;148;243m4[0m[1m][0m[1m)[0m torch.float64 
[1m[[0m[38;2;32;148;243m-0.05472471[0m  [38;2;32;148;243m0.02078089[0m  [38;2;32;148;243m0.03600797[0m [38;2;32;148;243m-0.02421101[0m[1m][0m
intQ: [1;38;2;255;0;255mtorch.Size[0m[1m([0m[1m[[0m[38;2;32;148;243m4[0m[1m][0m[1m)[0m torch.float64 
[1m[[0m[38;2;32;148;243m-0.00311893[0m  [38;2;32;148;243m0.00118437[0m  [38;2;32;148;243m0.00205221[0m [38;2;32;148;243m-0.00137986[0m[1m][0m
dQint: [1;38;2;255;0;255mtorch.Size[0m[1m([0m[1m[[0m[38;2;32;148;243m4[0m[1m][0m[1m)[0m torch.float64 
[1m[[0m[38;2;32;148;243m0.00213411[0m [38;2;32;148;243m0[0m.         [38;2;32;148;243m0.001747[0m   [38;2;32;148;243m0.00022407[0m[1m][0m
dQsin: [1;38;2;255;0;255mtorch.Size[0m[1m([0m[1m[[0m[38;2;32;148;243m4[0m[1m][0m[1m)[0m torch.float64 
[1m[[0m[38;2;32;148;243m0.03744508[0m [38;2;32;148;243m0[0m.         [38;2;32;148;243m0.03065288[0m [38;2;32;148;243m0.00393155[0m[1m][0m
loss: [3;38;2;255;0;255mNone[0m [3;38;2;255;0;255mNone[0m 
[38;2;32;148;243m-0.02113123208832693[0m
[38;2;105;105;105m[07/10/23 00:34:03][0m[34m[INFO][0m[2;38;2;144;144;144m[[0m]8;id=757141;file:///lus/grand/projects/datascience/foremans/locations/thetaGPU/projects/saforem2/l2hmc-qcd/src/l2hmc/experiment/pytorch/experiment.py\[2;4;38;2;144;144;144mexperiment.py[0m]8;;\[2;38;2;144;144;144m:[0m]8;id=955484;file:///lus/grand/projects/datascience/foremans/locations/thetaGPU/projects/saforem2/l2hmc-qcd/src/l2hmc/experiment/pytorch/experiment.py#118\[2;38;2;144;144;144m118[0m]8;;\[2;38;2;144;144;144m][0m - STEP: [38;2;32;148;243m5[0m
[38;2;105;105;105m[07/10/23 00:34:04][0m[34m[INFO][0m[2;38;2;144;144;144m[[0m]8;id=148404;file:///lus/grand/projects/datascience/foremans/locations/thetaGPU/projects/saforem2/l2hmc-qcd/src/l2hmc/experiment/pytorch/experiment.py\[2;4;38;2;144;144;144mexperiment.py[0m]8;;\[2;38;2;144;144;144m:[0m]8;id=5612;file:///lus/grand/projects/datascience/foremans/locations/thetaGPU/projects/saforem2/l2hmc-qcd/src/l2hmc/experiment/pytorch/experiment.py#118\[2;38;2;144;144;144m118[0m]8;;\[2;38;2;144;144;144m][0m - STEP: [38;2;32;148;243m6[0m
[38;2;105;105;105m[07/10/23 00:34:04][0m[34m[INFO][0m[2;38;2;144;144;144m[[0m]8;id=752402;file:///lus/grand/projects/datascience/foremans/locations/thetaGPU/projects/saforem2/l2hmc-qcd/src/l2hmc/common.py\[2;4;38;2;144;144;144mcommon.py[0m]8;;\[2;38;2;144;144;144m:[0m]8;id=451262;file:///lus/grand/projects/datascience/foremans/locations/thetaGPU/projects/saforem2/l2hmc-qcd/src/l2hmc/common.py#97\[2;38;2;144;144;144m97[0m]8;;\[2;38;2;144;144;144m][0m - energy: [1;38;2;255;0;255mtorch.Size[0m[1m([0m[1m[[0m[38;2;32;148;243m3[0m, [38;2;32;148;243m4[0m[1m][0m[1m)[0m torch.float64
[1m[[0m[1m[[0m[38;2;32;148;243m-23.10100721[0m [38;2;32;148;243m-27.91820188[0m [38;2;32;148;243m-18.2372471[0m  [38;2;32;148;243m-18.84153421[0m[1m][0m
 [1m[[0m[38;2;32;148;243m-22.80563218[0m [38;2;32;148;243m-27.576107[0m   [38;2;32;148;243m-17.61066401[0m [38;2;32;148;243m-17.78570911[0m[1m][0m
 [1m[[0m[38;2;32;148;243m-23.33062962[0m [38;2;32;148;243m-28.07679001[0m [38;2;32;148;243m-18.14790478[0m [38;2;32;148;243m-17.7946646[0m [1m][0m[1m][0m
logprob: [1;38;2;255;0;255mtorch.Size[0m[1m([0m[1m[[0m[38;2;32;148;243m3[0m, [38;2;32;148;243m4[0m[1m][0m[1m)[0m torch.float64 
[1m[[0m[1m[[0m[38;2;32;148;243m-23.10100721[0m [38;2;32;148;243m-27.91820188[0m [38;2;32;148;243m-18.2372471[0m  [38;2;32;148;243m-18.84153421[0m[1m][0m
 [1m[[0m[38;2;32;148;243m-23.11996255[0m [38;2;32;148;243m-27.95874359[0m [38;2;32;148;243m-17.89368975[0m [38;2;32;148;243m-18.12551293[0m[1m][0m
 [1m[[0m[38;2;32;148;243m-23.29048462[0m [38;2;32;148;243m-28.06902031[0m [38;2;32;148;243m-18.15579696[0m [38;2;32;148;243m-17.764725[0m  [1m][0m[1m][0m
logdet: [1;38;2;255;0;255mtorch.Size[0m[1m([0m[1m[[0m[38;2;32;148;243m3[0m, [38;2;32;148;243m4[0m[1m][0m[1m)[0m torch.float64 
[1m[[0m[1m[[0m [38;2;32;148;243m0[0m.          [38;2;32;148;243m0[0m.          [38;2;32;148;243m0[0m.          [38;2;32;148;243m0[0m.        [1m][0m
 [1m[[0m [38;2;32;148;243m0.31433037[0m  [38;2;32;148;243m0.38263659[0m  [38;2;32;148;243m0.28302575[0m  [38;2;32;148;243m0.33980382[0m[1m][0m
 [1m[[0m[38;2;32;148;243m-0.040145[0m   [38;2;32;148;243m-0.0077697[0m   [38;2;32;148;243m0.00789218[0m [38;2;32;148;243m-0.0299396[0m [1m][0m[1m][0m
sldf: [1;38;2;255;0;255mtorch.Size[0m[1m([0m[1m[[0m[38;2;32;148;243m3[0m, [38;2;32;148;243m4[0m[1m][0m[1m)[0m torch.float64 
[1m[[0m[1m[[0m[38;2;32;148;243m0[0m.         [38;2;32;148;243m0[0m.         [38;2;32;148;243m0[0m.         [38;2;32;148;243m0[0m.        [1m][0m
 [1m[[0m[38;2;32;148;243m0.31433037[0m [38;2;32;148;243m0.38263659[0m [38;2;32;148;243m0.28302575[0m [38;2;32;148;243m0.33980382[0m[1m][0m
 [1m[[0m[38;2;32;148;243m0[0m.         [38;2;32;148;243m0[0m.         [38;2;32;148;243m0[0m.         [38;2;32;148;243m0[0m.        [1m][0m[1m][0m
sldb: [1;38;2;255;0;255mtorch.Size[0m[1m([0m[1m[[0m[38;2;32;148;243m3[0m, [38;2;32;148;243m4[0m[1m][0m[1m)[0m torch.float64 
[1m[[0m[1m[[0m [38;2;32;148;243m0[0m.          [38;2;32;148;243m0[0m.          [38;2;32;148;243m0[0m.          [38;2;32;148;243m0[0m.        [1m][0m
 [1m[[0m [38;2;32;148;243m0[0m.          [38;2;32;148;243m0[0m.          [38;2;32;148;243m0[0m.          [38;2;32;148;243m0[0m.        [1m][0m
 [1m[[0m[38;2;32;148;243m-0.35447537[0m [38;2;32;148;243m-0.3904063[0m  [38;2;32;148;243m-0.27513356[0m [38;2;32;148;243m-0.36974342[0m[1m][0m[1m][0m
sld: [1;38;2;255;0;255mtorch.Size[0m[1m([0m[1m[[0m[38;2;32;148;243m3[0m, [38;2;32;148;243m4[0m[1m][0m[1m)[0m torch.float64 
[1m[[0m[1m[[0m [38;2;32;148;243m0[0m.          [38;2;32;148;243m0[0m.          [38;2;32;148;243m0[0m.          [38;2;32;148;243m0[0m.        [1m][0m
 [1m[[0m [38;2;32;148;243m0.31433037[0m  [38;2;32;148;243m0.38263659[0m  [38;2;32;148;243m0.28302575[0m  [38;2;32;148;243m0.33980382[0m[1m][0m
 [1m[[0m[38;2;32;148;243m-0.040145[0m   [38;2;32;148;243m-0.0077697[0m   [38;2;32;148;243m0.00789218[0m [38;2;32;148;243m-0.0299396[0m [1m][0m[1m][0m
xeps: [1;38;2;255;0;255mtorch.Size[0m[1m([0m[1m[[0m[38;2;32;148;243m3[0m[1m][0m[1m)[0m torch.float64 
[1m[[0m[38;2;32;148;243m0.1[0m [38;2;32;148;243m0.1[0m [38;2;32;148;243m0.1[0m[1m][0m
veps: [1;38;2;255;0;255mtorch.Size[0m[1m([0m[1m[[0m[38;2;32;148;243m3[0m[1m][0m[1m)[0m torch.float64 
[1m[[0m[38;2;32;148;243m0.1[0m [38;2;32;148;243m0.1[0m [38;2;32;148;243m0.1[0m[1m][0m
acc: [1;38;2;255;0;255mtorch.Size[0m[1m([0m[1m[[0m[38;2;32;148;243m4[0m[1m][0m[1m)[0m torch.float64 
[1m[[0m[38;2;32;148;243m1[0m.         [38;2;32;148;243m1[0m.         [38;2;32;148;243m0.92177867[0m [38;2;32;148;243m0.34068084[0m[1m][0m
sumlogdet: [1;38;2;255;0;255mtorch.Size[0m[1m([0m[1m[[0m[38;2;32;148;243m4[0m[1m][0m[1m)[0m torch.float64 
[1m[[0m[38;2;32;148;243m-0.040145[0m   [38;2;32;148;243m-0.0077697[0m   [38;2;32;148;243m0.00789218[0m [38;2;32;148;243m-0[0m.        [1m][0m
beta: [1;38;2;255;0;255mtorch.Size[0m[1m([0m[1m[[0m[1m][0m[1m)[0m torch.float64 
[38;2;32;148;243m6.0[0m
acc_mask: [1;38;2;255;0;255mtorch.Size[0m[1m([0m[1m[[0m[38;2;32;148;243m4[0m[1m][0m[1m)[0m torch.float32 
[1m[[0m[38;2;32;148;243m1[0m. [38;2;32;148;243m1[0m. [38;2;32;148;243m1[0m. [38;2;32;148;243m0[0m.[1m][0m
plaqs: [1;38;2;255;0;255mtorch.Size[0m[1m([0m[1m[[0m[38;2;32;148;243m4[0m[1m][0m[1m)[0m torch.float64 
[1m[[0m[38;2;32;148;243m0.66761043[0m [38;2;32;148;243m0.70619463[0m [38;2;32;148;243m0.41938378[0m [38;2;32;148;243m0.64238497[0m[1m][0m
sinQ: [1;38;2;255;0;255mtorch.Size[0m[1m([0m[1m[[0m[38;2;32;148;243m4[0m[1m][0m[1m)[0m torch.float64 
[1m[[0m [38;2;32;148;243m0.00785447[0m  [38;2;32;148;243m0.01810358[0m  [38;2;32;148;243m0.01467059[0m [38;2;32;148;243m-0.02814256[0m[1m][0m
intQ: [1;38;2;255;0;255mtorch.Size[0m[1m([0m[1m[[0m[38;2;32;148;243m4[0m[1m][0m[1m)[0m torch.float64 
[1m[[0m [38;2;32;148;243m0.00044765[0m  [38;2;32;148;243m0.00103178[0m  [38;2;32;148;243m0.00083612[0m [38;2;32;148;243m-0.00160393[0m[1m][0m
dQint: [1;38;2;255;0;255mtorch.Size[0m[1m([0m[1m[[0m[38;2;32;148;243m4[0m[1m][0m[1m)[0m torch.float64 
[1m[[0m[38;2;32;148;243m0.00109393[0m [38;2;32;148;243m0.0018085[0m  [38;2;32;148;243m0.00017762[0m [38;2;32;148;243m0[0m.        [1m][0m
dQsin: [1;38;2;255;0;255mtorch.Size[0m[1m([0m[1m[[0m[38;2;32;148;243m4[0m[1m][0m[1m)[0m torch.float64 
[1m[[0m[38;2;32;148;243m0.01919408[0m [38;2;32;148;243m0.03173193[0m [38;2;32;148;243m0.00311659[0m [38;2;32;148;243m0[0m.        [1m][0m
loss: [3;38;2;255;0;255mNone[0m [3;38;2;255;0;255mNone[0m 
[38;2;32;148;243m-0.02127915731832664[0m
[38;2;105;105;105m[07/10/23 00:34:04][0m[34m[INFO][0m[2;38;2;144;144;144m[[0m]8;id=281195;file:///lus/grand/projects/datascience/foremans/locations/thetaGPU/projects/saforem2/l2hmc-qcd/src/l2hmc/experiment/pytorch/experiment.py\[2;4;38;2;144;144;144mexperiment.py[0m]8;;\[2;38;2;144;144;144m:[0m]8;id=495440;file:///lus/grand/projects/datascience/foremans/locations/thetaGPU/projects/saforem2/l2hmc-qcd/src/l2hmc/experiment/pytorch/experiment.py#118\[2;38;2;144;144;144m118[0m]8;;\[2;38;2;144;144;144m][0m - STEP: [38;2;32;148;243m7[0m
[38;2;105;105;105m[07/10/23 00:34:04][0m[34m[INFO][0m[2;38;2;144;144;144m[[0m]8;id=886045;file:///lus/grand/projects/datascience/foremans/locations/thetaGPU/projects/saforem2/l2hmc-qcd/src/l2hmc/experiment/pytorch/experiment.py\[2;4;38;2;144;144;144mexperiment.py[0m]8;;\[2;38;2;144;144;144m:[0m]8;id=239850;file:///lus/grand/projects/datascience/foremans/locations/thetaGPU/projects/saforem2/l2hmc-qcd/src/l2hmc/experiment/pytorch/experiment.py#118\[2;38;2;144;144;144m118[0m]8;;\[2;38;2;144;144;144m][0m - STEP: [38;2;32;148;243m8[0m
[38;2;105;105;105m[07/10/23 00:34:04][0m[34m[INFO][0m[2;38;2;144;144;144m[[0m]8;id=582659;file:///lus/grand/projects/datascience/foremans/locations/thetaGPU/projects/saforem2/l2hmc-qcd/src/l2hmc/common.py\[2;4;38;2;144;144;144mcommon.py[0m]8;;\[2;38;2;144;144;144m:[0m]8;id=396170;file:///lus/grand/projects/datascience/foremans/locations/thetaGPU/projects/saforem2/l2hmc-qcd/src/l2hmc/common.py#97\[2;38;2;144;144;144m97[0m]8;;\[2;38;2;144;144;144m][0m - energy: [1;38;2;255;0;255mtorch.Size[0m[1m([0m[1m[[0m[38;2;32;148;243m3[0m, [38;2;32;148;243m4[0m[1m][0m[1m)[0m torch.float64
[1m[[0m[1m[[0m[38;2;32;148;243m-23.72791981[0m [38;2;32;148;243m-25.27730678[0m [38;2;32;148;243m-16.36587555[0m [38;2;32;148;243m-26.19995962[0m[1m][0m
 [1m[[0m[38;2;32;148;243m-22.91554675[0m [38;2;32;148;243m-25.05853526[0m [38;2;32;148;243m-16.20531339[0m [38;2;32;148;243m-25.60390887[0m[1m][0m
 [1m[[0m[38;2;32;148;243m-23.71064753[0m [38;2;32;148;243m-25.08232944[0m [38;2;32;148;243m-15.67189662[0m [38;2;32;148;243m-25.97442687[0m[1m][0m[1m][0m
logprob: [1;38;2;255;0;255mtorch.Size[0m[1m([0m[1m[[0m[38;2;32;148;243m3[0m, [38;2;32;148;243m4[0m[1m][0m[1m)[0m torch.float64 
[1m[[0m[1m[[0m[38;2;32;148;243m-23.72791981[0m [38;2;32;148;243m-25.27730678[0m [38;2;32;148;243m-16.36587555[0m [38;2;32;148;243m-26.19995962[0m[1m][0m
 [1m[[0m[38;2;32;148;243m-23.30549649[0m [38;2;32;148;243m-25.44590375[0m [38;2;32;148;243m-16.39666785[0m [38;2;32;148;243m-25.95474551[0m[1m][0m
 [1m[[0m[38;2;32;148;243m-23.71028471[0m [38;2;32;148;243m-25.08427287[0m [38;2;32;148;243m-15.64816475[0m [38;2;32;148;243m-25.99544615[0m[1m][0m[1m][0m
logdet: [1;38;2;255;0;255mtorch.Size[0m[1m([0m[1m[[0m[38;2;32;148;243m3[0m, [38;2;32;148;243m4[0m[1m][0m[1m)[0m torch.float64 
[1m[[0m[1m[[0m [38;2;32;148;243m0.00000000e+00[0m  [38;2;32;148;243m0.00000000e+00[0m  [38;2;32;148;243m0.00000000e+00[0m  [38;2;32;148;243m0.00000000e+00[0m[1m][0m
 [1m[[0m [38;2;32;148;243m3.89949740e-01[0m  [38;2;32;148;243m3.87368489e-01[0m  [38;2;32;148;243m1.91354463e-01[0m  [38;2;32;148;243m3.50836645e-01[0m[1m][0m
 [1m[[0m[38;2;32;148;243m-3.62822722e-04[0m  [38;2;32;148;243m1.94342704e-03[0m [38;2;32;148;243m-2.37318635e-02[0m  [38;2;32;148;243m2.10192818e-02[0m[1m][0m[1m][0m
sldf: [1;38;2;255;0;255mtorch.Size[0m[1m([0m[1m[[0m[38;2;32;148;243m3[0m, [38;2;32;148;243m4[0m[1m][0m[1m)[0m torch.float64 
[1m[[0m[1m[[0m[38;2;32;148;243m0[0m.         [38;2;32;148;243m0[0m.         [38;2;32;148;243m0[0m.         [38;2;32;148;243m0[0m.        [1m][0m
 [1m[[0m[38;2;32;148;243m0.38994974[0m [38;2;32;148;243m0.38736849[0m [38;2;32;148;243m0.19135446[0m [38;2;32;148;243m0.35083664[0m[1m][0m
 [1m[[0m[38;2;32;148;243m0[0m.         [38;2;32;148;243m0[0m.         [38;2;32;148;243m0[0m.         [38;2;32;148;243m0[0m.        [1m][0m[1m][0m
sldb: [1;38;2;255;0;255mtorch.Size[0m[1m([0m[1m[[0m[38;2;32;148;243m3[0m, [38;2;32;148;243m4[0m[1m][0m[1m)[0m torch.float64 
[1m[[0m[1m[[0m [38;2;32;148;243m0[0m.          [38;2;32;148;243m0[0m.          [38;2;32;148;243m0[0m.          [38;2;32;148;243m0[0m.        [1m][0m
 [1m[[0m [38;2;32;148;243m0[0m.          [38;2;32;148;243m0[0m.          [38;2;32;148;243m0[0m.          [38;2;32;148;243m0[0m.        [1m][0m
 [1m[[0m[38;2;32;148;243m-0.39031256[0m [38;2;32;148;243m-0.38542506[0m [38;2;32;148;243m-0.21508633[0m [38;2;32;148;243m-0.32981736[0m[1m][0m[1m][0m
sld: [1;38;2;255;0;255mtorch.Size[0m[1m([0m[1m[[0m[38;2;32;148;243m3[0m, [38;2;32;148;243m4[0m[1m][0m[1m)[0m torch.float64 
[1m[[0m[1m[[0m [38;2;32;148;243m0.00000000e+00[0m  [38;2;32;148;243m0.00000000e+00[0m  [38;2;32;148;243m0.00000000e+00[0m  [38;2;32;148;243m0.00000000e+00[0m[1m][0m
 [1m[[0m [38;2;32;148;243m3.89949740e-01[0m  [38;2;32;148;243m3.87368489e-01[0m  [38;2;32;148;243m1.91354463e-01[0m  [38;2;32;148;243m3.50836645e-01[0m[1m][0m
 [1m[[0m[38;2;32;148;243m-3.62822722e-04[0m  [38;2;32;148;243m1.94342704e-03[0m [38;2;32;148;243m-2.37318635e-02[0m  [38;2;32;148;243m2.10192818e-02[0m[1m][0m[1m][0m
xeps: [1;38;2;255;0;255mtorch.Size[0m[1m([0m[1m[[0m[38;2;32;148;243m3[0m[1m][0m[1m)[0m torch.float64 
[1m[[0m[38;2;32;148;243m0.1[0m [38;2;32;148;243m0.1[0m [38;2;32;148;243m0.1[0m[1m][0m
veps: [1;38;2;255;0;255mtorch.Size[0m[1m([0m[1m[[0m[38;2;32;148;243m3[0m[1m][0m[1m)[0m torch.float64 
[1m[[0m[38;2;32;148;243m0.1[0m [38;2;32;148;243m0.1[0m [38;2;32;148;243m0.1[0m[1m][0m
acc: [1;38;2;255;0;255mtorch.Size[0m[1m([0m[1m[[0m[38;2;32;148;243m4[0m[1m][0m[1m)[0m torch.float64 
[1m[[0m[38;2;32;148;243m0.98251949[0m [38;2;32;148;243m0.82445401[0m [38;2;32;148;243m0.48786781[0m [38;2;32;148;243m0.81504376[0m[1m][0m
sumlogdet: [1;38;2;255;0;255mtorch.Size[0m[1m([0m[1m[[0m[38;2;32;148;243m4[0m[1m][0m[1m)[0m torch.float64 
[1m[[0m[38;2;32;148;243m-0.00036282[0m  [38;2;32;148;243m0.00194343[0m [38;2;32;148;243m-0[0m.          [38;2;32;148;243m0.02101928[0m[1m][0m
beta: [1;38;2;255;0;255mtorch.Size[0m[1m([0m[1m[[0m[1m][0m[1m)[0m torch.float64 
[38;2;32;148;243m6.0[0m
acc_mask: [1;38;2;255;0;255mtorch.Size[0m[1m([0m[1m[[0m[38;2;32;148;243m4[0m[1m][0m[1m)[0m torch.float32 
[1m[[0m[38;2;32;148;243m1[0m. [38;2;32;148;243m1[0m. [38;2;32;148;243m0[0m. [38;2;32;148;243m1[0m.[1m][0m
plaqs: [1;38;2;255;0;255mtorch.Size[0m[1m([0m[1m[[0m[38;2;32;148;243m4[0m[1m][0m[1m)[0m torch.float64 
[1m[[0m[38;2;32;148;243m0.76910506[0m [38;2;32;148;243m0.69339425[0m [38;2;32;148;243m0.45033631[0m [38;2;32;148;243m0.68690406[0m[1m][0m
sinQ: [1;38;2;255;0;255mtorch.Size[0m[1m([0m[1m[[0m[38;2;32;148;243m4[0m[1m][0m[1m)[0m torch.float64 
[1m[[0m[38;2;32;148;243m0.01549444[0m [38;2;32;148;243m0.03638224[0m [38;2;32;148;243m0.0089833[0m  [38;2;32;148;243m0.00708232[0m[1m][0m
intQ: [1;38;2;255;0;255mtorch.Size[0m[1m([0m[1m[[0m[38;2;32;148;243m4[0m[1m][0m[1m)[0m torch.float64 
[1m[[0m[38;2;32;148;243m0.00088308[0m [38;2;32;148;243m0.00207354[0m [38;2;32;148;243m0.00051199[0m [38;2;32;148;243m0.00040364[0m[1m][0m
dQint: [1;38;2;255;0;255mtorch.Size[0m[1m([0m[1m[[0m[38;2;32;148;243m4[0m[1m][0m[1m)[0m torch.float64 
[1m[[0m[38;2;32;148;243m8.26615125e-05[0m [38;2;32;148;243m1.22513367e-03[0m [38;2;32;148;243m0.00000000e+00[0m [38;2;32;148;243m1.40448524e-03[0m[1m][0m
dQsin: [1;38;2;255;0;255mtorch.Size[0m[1m([0m[1m[[0m[38;2;32;148;243m4[0m[1m][0m[1m)[0m torch.float64 
[1m[[0m[38;2;32;148;243m0.00145038[0m [38;2;32;148;243m0.02149615[0m [38;2;32;148;243m0[0m.         [38;2;32;148;243m0.02464305[0m[1m][0m
loss: [3;38;2;255;0;255mNone[0m [3;38;2;255;0;255mNone[0m 
[38;2;32;148;243m-0.02334151081628527[0m
[38;2;105;105;105m[07/10/23 00:34:04][0m[34m[INFO][0m[2;38;2;144;144;144m[[0m]8;id=476149;file:///lus/grand/projects/datascience/foremans/locations/thetaGPU/projects/saforem2/l2hmc-qcd/src/l2hmc/experiment/pytorch/experiment.py\[2;4;38;2;144;144;144mexperiment.py[0m]8;;\[2;38;2;144;144;144m:[0m]8;id=378185;file:///lus/grand/projects/datascience/foremans/locations/thetaGPU/projects/saforem2/l2hmc-qcd/src/l2hmc/experiment/pytorch/experiment.py#118\[2;38;2;144;144;144m118[0m]8;;\[2;38;2;144;144;144m][0m - STEP: [38;2;32;148;243m9[0m
[38;2;105;105;105m[07/10/23 00:34:04][0m[34m[INFO][0m[2;38;2;144;144;144m[[0m]8;id=763941;file:///lus/grand/projects/datascience/foremans/locations/thetaGPU/projects/saforem2/l2hmc-qcd/src/l2hmc/train4dSU3.py\[2;4;37mtrain4dSU3.py[0m]8;;\[2;38;2;144;144;144m:[0m]8;id=680624;file:///lus/grand/projects/datascience/foremans/locations/thetaGPU/projects/saforem2/l2hmc-qcd/src/l2hmc/train4dSU3.py#107\[2;37m107[0m]8;;\[2;37m][0m - train step: [38;2;32;148;243m0[0m
[38;2;105;105;105m[07/10/23 00:34:05][0m[34m[INFO][0m[2;38;2;144;144;144m[[0m]8;id=827641;file:///lus/grand/projects/datascience/foremans/locations/thetaGPU/projects/saforem2/l2hmc-qcd/src/l2hmc/common.py\[2;4;38;2;144;144;144mcommon.py[0m]8;;\[2;38;2;144;144;144m:[0m]8;id=815007;file:///lus/grand/projects/datascience/foremans/locations/thetaGPU/projects/saforem2/l2hmc-qcd/src/l2hmc/common.py#97\[2;38;2;144;144;144m97[0m]8;;\[2;38;2;144;144;144m][0m - energy: [1;38;2;255;0;255mtorch.Size[0m[1m([0m[1m[[0m[38;2;32;148;243m3[0m, [38;2;32;148;243m4[0m[1m][0m[1m)[0m torch.float64
[1m[[0m[1m[[0m [38;2;32;148;243m0.95742289[0m [38;2;32;148;243m-0.0275099[0m  [38;2;32;148;243m-2.17237911[0m [38;2;32;148;243m-5.26722538[0m[1m][0m
 [1m[[0m [38;2;32;148;243m6.44430062[0m  [38;2;32;148;243m5.36401711[0m [38;2;32;148;243m-1.46221318[0m [38;2;32;148;243m-9.09420158[0m[1m][0m
 [1m[[0m [38;2;32;148;243m5.92073072[0m  [38;2;32;148;243m5.01414621[0m [38;2;32;148;243m-1.4987188[0m  [38;2;32;148;243m-9.44789202[0m[1m][0m[1m][0m
logprob: [1;38;2;255;0;255mtorch.Size[0m[1m([0m[1m[[0m[38;2;32;148;243m3[0m, [38;2;32;148;243m4[0m[1m][0m[1m)[0m torch.float64 
[1m[[0m[1m[[0m [38;2;32;148;243m0.95742289[0m [38;2;32;148;243m-0.0275099[0m  [38;2;32;148;243m-2.17237911[0m [38;2;32;148;243m-5.26722538[0m[1m][0m
 [1m[[0m [38;2;32;148;243m6.06363068[0m  [38;2;32;148;243m4.97716164[0m [38;2;32;148;243m-1.67967897[0m [38;2;32;148;243m-9.47942113[0m[1m][0m
 [1m[[0m [38;2;32;148;243m5.91719954[0m  [38;2;32;148;243m5.01546135[0m [38;2;32;148;243m-1.46133982[0m [38;2;32;148;243m-9.44277616[0m[1m][0m[1m][0m
logdet: [1;38;2;255;0;255mtorch.Size[0m[1m([0m[1m[[0m[38;2;32;148;243m3[0m, [38;2;32;148;243m4[0m[1m][0m[1m)[0m torch.float64 
[1m[[0m[1m[[0m [38;2;32;148;243m0[0m.          [38;2;32;148;243m0[0m.          [38;2;32;148;243m0[0m.          [38;2;32;148;243m0[0m.        [1m][0m
 [1m[[0m [38;2;32;148;243m0.38066994[0m  [38;2;32;148;243m0.38685548[0m  [38;2;32;148;243m0.21746579[0m  [38;2;32;148;243m0.38521955[0m[1m][0m
 [1m[[0m [38;2;32;148;243m0.00353118[0m [38;2;32;148;243m-0.00131514[0m [38;2;32;148;243m-0.03737898[0m [38;2;32;148;243m-0.00511586[0m[1m][0m[1m][0m
sldf: [1;38;2;255;0;255mtorch.Size[0m[1m([0m[1m[[0m[38;2;32;148;243m3[0m, [38;2;32;148;243m4[0m[1m][0m[1m)[0m torch.float64 
[1m[[0m[1m[[0m[38;2;32;148;243m0[0m.         [38;2;32;148;243m0[0m.         [38;2;32;148;243m0[0m.         [38;2;32;148;243m0[0m.        [1m][0m
 [1m[[0m[38;2;32;148;243m0.38066994[0m [38;2;32;148;243m0.38685548[0m [38;2;32;148;243m0.21746579[0m [38;2;32;148;243m0.38521955[0m[1m][0m
 [1m[[0m[38;2;32;148;243m0[0m.         [38;2;32;148;243m0[0m.         [38;2;32;148;243m0[0m.         [38;2;32;148;243m0[0m.        [1m][0m[1m][0m
sldb: [1;38;2;255;0;255mtorch.Size[0m[1m([0m[1m[[0m[38;2;32;148;243m3[0m, [38;2;32;148;243m4[0m[1m][0m[1m)[0m torch.float64 
[1m[[0m[1m[[0m [38;2;32;148;243m0[0m.          [38;2;32;148;243m0[0m.          [38;2;32;148;243m0[0m.          [38;2;32;148;243m0[0m.        [1m][0m
 [1m[[0m [38;2;32;148;243m0[0m.          [38;2;32;148;243m0[0m.          [38;2;32;148;243m0[0m.          [38;2;32;148;243m0[0m.        [1m][0m
 [1m[[0m[38;2;32;148;243m-0.37713876[0m [38;2;32;148;243m-0.38817062[0m [38;2;32;148;243m-0.25484477[0m [38;2;32;148;243m-0.39033541[0m[1m][0m[1m][0m
sld: [1;38;2;255;0;255mtorch.Size[0m[1m([0m[1m[[0m[38;2;32;148;243m3[0m, [38;2;32;148;243m4[0m[1m][0m[1m)[0m torch.float64 
[1m[[0m[1m[[0m [38;2;32;148;243m0[0m.          [38;2;32;148;243m0[0m.          [38;2;32;148;243m0[0m.          [38;2;32;148;243m0[0m.        [1m][0m
 [1m[[0m [38;2;32;148;243m0.38066994[0m  [38;2;32;148;243m0.38685548[0m  [38;2;32;148;243m0.21746579[0m  [38;2;32;148;243m0.38521955[0m[1m][0m
 [1m[[0m [38;2;32;148;243m0.00353118[0m [38;2;32;148;243m-0.00131514[0m [38;2;32;148;243m-0.03737898[0m [38;2;32;148;243m-0.00511586[0m[1m][0m[1m][0m
xeps: [1;38;2;255;0;255mtorch.Size[0m[1m([0m[1m[[0m[38;2;32;148;243m3[0m[1m][0m[1m)[0m torch.float64 
[1m[[0m[38;2;32;148;243m0.1[0m [38;2;32;148;243m0.1[0m [38;2;32;148;243m0.1[0m[1m][0m
veps: [1;38;2;255;0;255mtorch.Size[0m[1m([0m[1m[[0m[38;2;32;148;243m3[0m[1m][0m[1m)[0m torch.float64 
[1m[[0m[38;2;32;148;243m0.1[0m [38;2;32;148;243m0.1[0m [38;2;32;148;243m0.1[0m[1m][0m
acc: [1;38;2;255;0;255mtorch.Size[0m[1m([0m[1m[[0m[38;2;32;148;243m4[0m[1m][0m[1m)[0m torch.float64 
[1m[[0m[38;2;32;148;243m0.00701449[0m [38;2;32;148;243m0.00645454[0m [38;2;32;148;243m0.4911335[0m  [38;2;32;148;243m1[0m.        [1m][0m
sumlogdet: [1;38;2;255;0;255mtorch.Size[0m[1m([0m[1m[[0m[38;2;32;148;243m4[0m[1m][0m[1m)[0m torch.float64 
[1m[[0m [38;2;32;148;243m0[0m.         [38;2;32;148;243m-0[0m.         [38;2;32;148;243m-0.03737898[0m [38;2;32;148;243m-0.00511586[0m[1m][0m
beta: [1;38;2;255;0;255mtorch.Size[0m[1m([0m[1m[[0m[1m][0m[1m)[0m torch.float64 
[38;2;32;148;243m6.0[0m
acc_mask: [1;38;2;255;0;255mtorch.Size[0m[1m([0m[1m[[0m[38;2;32;148;243m4[0m[1m][0m[1m)[0m torch.float32 
[1m[[0m[38;2;32;148;243m0[0m. [38;2;32;148;243m0[0m. [38;2;32;148;243m1[0m. [38;2;32;148;243m1[0m.[1m][0m
loss: [3;38;2;255;0;255mNone[0m [3;38;2;255;0;255mNone[0m 
[38;2;32;148;243m-0.04667491525123646[0m
plaqs: [1;38;2;255;0;255mtorch.Size[0m[1m([0m[1m[[0m[38;2;32;148;243m4[0m[1m][0m[1m)[0m torch.float64 
[1m[[0m[38;2;32;148;243m-0.13013096[0m  [38;2;32;148;243m0.14001267[0m [38;2;32;148;243m-0.16108228[0m  [38;2;32;148;243m0.30244794[0m[1m][0m
sinQ: [1;38;2;255;0;255mtorch.Size[0m[1m([0m[1m[[0m[38;2;32;148;243m4[0m[1m][0m[1m)[0m torch.float64 
[1m[[0m [38;2;32;148;243m0.07540458[0m  [38;2;32;148;243m0.00452795[0m  [38;2;32;148;243m0.08438991[0m [38;2;32;148;243m-0.00611773[0m[1m][0m
intQ: [1;38;2;255;0;255mtorch.Size[0m[1m([0m[1m[[0m[38;2;32;148;243m4[0m[1m][0m[1m)[0m torch.float64 
[1m[[0m [38;2;32;148;243m0.00429755[0m  [38;2;32;148;243m0.00025806[0m  [38;2;32;148;243m0.00480965[0m [38;2;32;148;243m-0.00034867[0m[1m][0m
dQint: [1;38;2;255;0;255mtorch.Size[0m[1m([0m[1m[[0m[38;2;32;148;243m4[0m[1m][0m[1m)[0m torch.float64 
[1m[[0m[38;2;32;148;243m0.00429755[0m [38;2;32;148;243m0.00025806[0m [38;2;32;148;243m0.00178495[0m [38;2;32;148;243m0.00522104[0m[1m][0m
dQsin: [1;38;2;255;0;255mtorch.Size[0m[1m([0m[1m[[0m[38;2;32;148;243m4[0m[1m][0m[1m)[0m torch.float64 
[1m[[0m[38;2;32;148;243m0.07540458[0m [38;2;32;148;243m0.00452795[0m [38;2;32;148;243m0.03131861[0m [38;2;32;148;243m0.0916081[0m [1m][0m
[38;2;105;105;105m[07/10/23 00:34:05][0m[34m[INFO][0m[2;38;2;144;144;144m[[0m]8;id=397483;file:///lus/grand/projects/datascience/foremans/locations/thetaGPU/projects/saforem2/l2hmc-qcd/src/l2hmc/train4dSU3.py\[2;4;37mtrain4dSU3.py[0m]8;;\[2;38;2;144;144;144m:[0m]8;id=919601;file:///lus/grand/projects/datascience/foremans/locations/thetaGPU/projects/saforem2/l2hmc-qcd/src/l2hmc/train4dSU3.py#107\[2;37m107[0m]8;;\[2;37m][0m - train step: [38;2;32;148;243m1[0m
[38;2;105;105;105m[07/10/23 00:34:05][0m[34m[INFO][0m[2;38;2;144;144;144m[[0m]8;id=711419;file:///lus/grand/projects/datascience/foremans/locations/thetaGPU/projects/saforem2/l2hmc-qcd/src/l2hmc/train4dSU3.py\[2;4;37mtrain4dSU3.py[0m]8;;\[2;38;2;144;144;144m:[0m]8;id=670783;file:///lus/grand/projects/datascience/foremans/locations/thetaGPU/projects/saforem2/l2hmc-qcd/src/l2hmc/train4dSU3.py#107\[2;37m107[0m]8;;\[2;37m][0m - train step: [38;2;32;148;243m2[0m
[38;2;105;105;105m[07/10/23 00:34:05][0m[34m[INFO][0m[2;38;2;144;144;144m[[0m]8;id=58790;file:///lus/grand/projects/datascience/foremans/locations/thetaGPU/projects/saforem2/l2hmc-qcd/src/l2hmc/train4dSU3.py\[2;4;37mtrain4dSU3.py[0m]8;;\[2;38;2;144;144;144m:[0m]8;id=557046;file:///lus/grand/projects/datascience/foremans/locations/thetaGPU/projects/saforem2/l2hmc-qcd/src/l2hmc/train4dSU3.py#107\[2;37m107[0m]8;;\[2;37m][0m - train step: [38;2;32;148;243m3[0m
[38;2;105;105;105m[07/10/23 00:34:05][0m[34m[INFO][0m[2;38;2;144;144;144m[[0m]8;id=727882;file:///lus/grand/projects/datascience/foremans/locations/thetaGPU/projects/saforem2/l2hmc-qcd/src/l2hmc/train4dSU3.py\[2;4;37mtrain4dSU3.py[0m]8;;\[2;38;2;144;144;144m:[0m]8;id=671917;file:///lus/grand/projects/datascience/foremans/locations/thetaGPU/projects/saforem2/l2hmc-qcd/src/l2hmc/train4dSU3.py#107\[2;37m107[0m]8;;\[2;37m][0m - train step: [38;2;32;148;243m4[0m
[38;2;105;105;105m[07/10/23 00:34:06][0m[34m[INFO][0m[2;38;2;144;144;144m[[0m]8;id=847262;file:///lus/grand/projects/datascience/foremans/locations/thetaGPU/projects/saforem2/l2hmc-qcd/src/l2hmc/train4dSU3.py\[2;4;37mtrain4dSU3.py[0m]8;;\[2;38;2;144;144;144m:[0m]8;id=146970;file:///lus/grand/projects/datascience/foremans/locations/thetaGPU/projects/saforem2/l2hmc-qcd/src/l2hmc/train4dSU3.py#107\[2;37m107[0m]8;;\[2;37m][0m - train step: [38;2;32;148;243m5[0m
[38;2;105;105;105m[07/10/23 00:34:06][0m[34m[INFO][0m[2;38;2;144;144;144m[[0m]8;id=601533;file:///lus/grand/projects/datascience/foremans/locations/thetaGPU/projects/saforem2/l2hmc-qcd/src/l2hmc/common.py\[2;4;38;2;144;144;144mcommon.py[0m]8;;\[2;38;2;144;144;144m:[0m]8;id=133568;file:///lus/grand/projects/datascience/foremans/locations/thetaGPU/projects/saforem2/l2hmc-qcd/src/l2hmc/common.py#97\[2;38;2;144;144;144m97[0m]8;;\[2;38;2;144;144;144m][0m - energy: [1;38;2;255;0;255mtorch.Size[0m[1m([0m[1m[[0m[38;2;32;148;243m3[0m, [38;2;32;148;243m4[0m[1m][0m[1m)[0m torch.float64
[1m[[0m[1m[[0m [38;2;32;148;243m-3.18988302[0m   [38;2;32;148;243m0.0928446[0m  [38;2;32;148;243m-14.4911933[0m  [38;2;32;148;243m-17.52091759[0m[1m][0m
 [1m[[0m  [38;2;32;148;243m1.88282267[0m   [38;2;32;148;243m0.52458171[0m [38;2;32;148;243m-15.55532793[0m [38;2;32;148;243m-19.06567091[0m[1m][0m
 [1m[[0m  [38;2;32;148;243m1.58099641[0m   [38;2;32;148;243m0.25514622[0m [38;2;32;148;243m-15.87794704[0m [38;2;32;148;243m-19.6534894[0m [1m][0m[1m][0m
logprob: [1;38;2;255;0;255mtorch.Size[0m[1m([0m[1m[[0m[38;2;32;148;243m3[0m, [38;2;32;148;243m4[0m[1m][0m[1m)[0m torch.float64 
[1m[[0m[1m[[0m [38;2;32;148;243m-3.18988302[0m   [38;2;32;148;243m0.0928446[0m  [38;2;32;148;243m-14.4911933[0m  [38;2;32;148;243m-17.52091759[0m[1m][0m
 [1m[[0m  [38;2;32;148;243m1.50861913[0m   [38;2;32;148;243m0.1415071[0m  [38;2;32;148;243m-15.79665694[0m [38;2;32;148;243m-19.4527082[0m [1m][0m
 [1m[[0m  [38;2;32;148;243m1.56843374[0m   [38;2;32;148;243m0.20847392[0m [38;2;32;148;243m-15.91118557[0m [38;2;32;148;243m-19.66079389[0m[1m][0m[1m][0m
logdet: [1;38;2;255;0;255mtorch.Size[0m[1m([0m[1m[[0m[38;2;32;148;243m3[0m, [38;2;32;148;243m4[0m[1m][0m[1m)[0m torch.float64 
[1m[[0m[1m[[0m[38;2;32;148;243m0[0m.         [38;2;32;148;243m0[0m.         [38;2;32;148;243m0[0m.         [38;2;32;148;243m0[0m.        [1m][0m
 [1m[[0m[38;2;32;148;243m0.37420354[0m [38;2;32;148;243m0.38307461[0m [38;2;32;148;243m0.24132901[0m [38;2;32;148;243m0.38703729[0m[1m][0m
 [1m[[0m[38;2;32;148;243m0.01256268[0m [38;2;32;148;243m0.0466723[0m  [38;2;32;148;243m0.03323853[0m [38;2;32;148;243m0.00730449[0m[1m][0m[1m][0m
sldf: [1;38;2;255;0;255mtorch.Size[0m[1m([0m[1m[[0m[38;2;32;148;243m3[0m, [38;2;32;148;243m4[0m[1m][0m[1m)[0m torch.float64 
[1m[[0m[1m[[0m[38;2;32;148;243m0[0m.         [38;2;32;148;243m0[0m.         [38;2;32;148;243m0[0m.         [38;2;32;148;243m0[0m.        [1m][0m
 [1m[[0m[38;2;32;148;243m0.37420354[0m [38;2;32;148;243m0.38307461[0m [38;2;32;148;243m0.24132901[0m [38;2;32;148;243m0.38703729[0m[1m][0m
 [1m[[0m[38;2;32;148;243m0[0m.         [38;2;32;148;243m0[0m.         [38;2;32;148;243m0[0m.         [38;2;32;148;243m0[0m.        [1m][0m[1m][0m
sldb: [1;38;2;255;0;255mtorch.Size[0m[1m([0m[1m[[0m[38;2;32;148;243m3[0m, [38;2;32;148;243m4[0m[1m][0m[1m)[0m torch.float64 
[1m[[0m[1m[[0m [38;2;32;148;243m0[0m.          [38;2;32;148;243m0[0m.          [38;2;32;148;243m0[0m.          [38;2;32;148;243m0[0m.        [1m][0m
 [1m[[0m [38;2;32;148;243m0[0m.          [38;2;32;148;243m0[0m.          [38;2;32;148;243m0[0m.          [38;2;32;148;243m0[0m.        [1m][0m
 [1m[[0m[38;2;32;148;243m-0.36164086[0m [38;2;32;148;243m-0.33640231[0m [38;2;32;148;243m-0.20809047[0m [38;2;32;148;243m-0.37973279[0m[1m][0m[1m][0m
sld: [1;38;2;255;0;255mtorch.Size[0m[1m([0m[1m[[0m[38;2;32;148;243m3[0m, [38;2;32;148;243m4[0m[1m][0m[1m)[0m torch.float64 
[1m[[0m[1m[[0m[38;2;32;148;243m0[0m.         [38;2;32;148;243m0[0m.         [38;2;32;148;243m0[0m.         [38;2;32;148;243m0[0m.        [1m][0m
 [1m[[0m[38;2;32;148;243m0.37420354[0m [38;2;32;148;243m0.38307461[0m [38;2;32;148;243m0.24132901[0m [38;2;32;148;243m0.38703729[0m[1m][0m
 [1m[[0m[38;2;32;148;243m0.01256268[0m [38;2;32;148;243m0.0466723[0m  [38;2;32;148;243m0.03323853[0m [38;2;32;148;243m0.00730449[0m[1m][0m[1m][0m
xeps: [1;38;2;255;0;255mtorch.Size[0m[1m([0m[1m[[0m[38;2;32;148;243m3[0m[1m][0m[1m)[0m torch.float64 
[1m[[0m[38;2;32;148;243m0.1[0m [38;2;32;148;243m0.1[0m [38;2;32;148;243m0.1[0m[1m][0m
veps: [1;38;2;255;0;255mtorch.Size[0m[1m([0m[1m[[0m[38;2;32;148;243m3[0m[1m][0m[1m)[0m torch.float64 
[1m[[0m[38;2;32;148;243m0.1[0m [38;2;32;148;243m0.1[0m [38;2;32;148;243m0.1[0m[1m][0m
acc: [1;38;2;255;0;255mtorch.Size[0m[1m([0m[1m[[0m[38;2;32;148;243m4[0m[1m][0m[1m)[0m torch.float64 
[1m[[0m[38;2;32;148;243m0.00858004[0m [38;2;32;148;243m0.89080537[0m [38;2;32;148;243m1[0m.         [38;2;32;148;243m1[0m.        [1m][0m
sumlogdet: [1;38;2;255;0;255mtorch.Size[0m[1m([0m[1m[[0m[38;2;32;148;243m4[0m[1m][0m[1m)[0m torch.float64 
[1m[[0m[38;2;32;148;243m0[0m.         [38;2;32;148;243m0.0466723[0m  [38;2;32;148;243m0.03323853[0m [38;2;32;148;243m0.00730449[0m[1m][0m
beta: [1;38;2;255;0;255mtorch.Size[0m[1m([0m[1m[[0m[1m][0m[1m)[0m torch.float64 
[38;2;32;148;243m6.0[0m
acc_mask: [1;38;2;255;0;255mtorch.Size[0m[1m([0m[1m[[0m[38;2;32;148;243m4[0m[1m][0m[1m)[0m torch.float32 
[1m[[0m[38;2;32;148;243m0[0m. [38;2;32;148;243m1[0m. [38;2;32;148;243m1[0m. [38;2;32;148;243m1[0m.[1m][0m
loss: [3;38;2;255;0;255mNone[0m [3;38;2;255;0;255mNone[0m 
[38;2;32;148;243m-0.03049066520757166[0m
plaqs: [1;38;2;255;0;255mtorch.Size[0m[1m([0m[1m[[0m[38;2;32;148;243m4[0m[1m][0m[1m)[0m torch.float64 
[1m[[0m[38;2;32;148;243m-0.17448919[0m  [38;2;32;148;243m0.05614424[0m  [38;2;32;148;243m0.23830498[0m  [38;2;32;148;243m0.48487695[0m[1m][0m
sinQ: [1;38;2;255;0;255mtorch.Size[0m[1m([0m[1m[[0m[38;2;32;148;243m4[0m[1m][0m[1m)[0m torch.float64 
[1m[[0m [38;2;32;148;243m3.25773818e-19[0m  [38;2;32;148;243m0.00000000e+00[0m  [38;2;32;148;243m8.54564285e-03[0m [38;2;32;148;243m-2.15195011e-02[0m[1m][0m
intQ: [1;38;2;255;0;255mtorch.Size[0m[1m([0m[1m[[0m[38;2;32;148;243m4[0m[1m][0m[1m)[0m torch.float64 
[1m[[0m [38;2;32;148;243m1.85668812e-20[0m  [38;2;32;148;243m0.00000000e+00[0m  [38;2;32;148;243m4.87043240e-04[0m [38;2;32;148;243m-1.22646449e-03[0m[1m][0m
dQint: [1;38;2;255;0;255mtorch.Size[0m[1m([0m[1m[[0m[38;2;32;148;243m4[0m[1m][0m[1m)[0m torch.float64 
[1m[[0m[38;2;32;148;243m1.85668812e-20[0m [38;2;32;148;243m5.01983335e-04[0m [38;2;32;148;243m2.48642539e-03[0m [38;2;32;148;243m7.75366129e-04[0m[1m][0m
dQsin: [1;38;2;255;0;255mtorch.Size[0m[1m([0m[1m[[0m[38;2;32;148;243m4[0m[1m][0m[1m)[0m torch.float64 
[1m[[0m[38;2;32;148;243m3.25773818e-19[0m [38;2;32;148;243m8.80778121e-03[0m [38;2;32;148;243m4.36267289e-02[0m [38;2;32;148;243m1.36045457e-02[0m[1m][0m
[38;2;105;105;105m[07/10/23 00:34:06][0m[34m[INFO][0m[2;38;2;144;144;144m[[0m]8;id=967659;file:///lus/grand/projects/datascience/foremans/locations/thetaGPU/projects/saforem2/l2hmc-qcd/src/l2hmc/train4dSU3.py\[2;4;37mtrain4dSU3.py[0m]8;;\[2;38;2;144;144;144m:[0m]8;id=859101;file:///lus/grand/projects/datascience/foremans/locations/thetaGPU/projects/saforem2/l2hmc-qcd/src/l2hmc/train4dSU3.py#107\[2;37m107[0m]8;;\[2;37m][0m - train step: [38;2;32;148;243m6[0m
[38;2;105;105;105m[07/10/23 00:34:06][0m[34m[INFO][0m[2;38;2;144;144;144m[[0m]8;id=589888;file:///lus/grand/projects/datascience/foremans/locations/thetaGPU/projects/saforem2/l2hmc-qcd/src/l2hmc/train4dSU3.py\[2;4;37mtrain4dSU3.py[0m]8;;\[2;38;2;144;144;144m:[0m]8;id=186792;file:///lus/grand/projects/datascience/foremans/locations/thetaGPU/projects/saforem2/l2hmc-qcd/src/l2hmc/train4dSU3.py#107\[2;37m107[0m]8;;\[2;37m][0m - train step: [38;2;32;148;243m7[0m
[38;2;105;105;105m[07/10/23 00:34:06][0m[34m[INFO][0m[2;38;2;144;144;144m[[0m]8;id=685572;file:///lus/grand/projects/datascience/foremans/locations/thetaGPU/projects/saforem2/l2hmc-qcd/src/l2hmc/train4dSU3.py\[2;4;37mtrain4dSU3.py[0m]8;;\[2;38;2;144;144;144m:[0m]8;id=682069;file:///lus/grand/projects/datascience/foremans/locations/thetaGPU/projects/saforem2/l2hmc-qcd/src/l2hmc/train4dSU3.py#107\[2;37m107[0m]8;;\[2;37m][0m - train step: [38;2;32;148;243m8[0m
[38;2;105;105;105m[07/10/23 00:34:06][0m[34m[INFO][0m[2;38;2;144;144;144m[[0m]8;id=367044;file:///lus/grand/projects/datascience/foremans/locations/thetaGPU/projects/saforem2/l2hmc-qcd/src/l2hmc/train4dSU3.py\[2;4;37mtrain4dSU3.py[0m]8;;\[2;38;2;144;144;144m:[0m]8;id=587740;file:///lus/grand/projects/datascience/foremans/locations/thetaGPU/projects/saforem2/l2hmc-qcd/src/l2hmc/train4dSU3.py#107\[2;37m107[0m]8;;\[2;37m][0m - train step: [38;2;32;148;243m9[0m
[38;2;105;105;105m[07/10/23 00:34:07][0m[34m[INFO][0m[2;38;2;144;144;144m[[0m]8;id=787513;file:///lus/grand/projects/datascience/foremans/locations/thetaGPU/projects/saforem2/l2hmc-qcd/src/l2hmc/train4dSU3.py\[2;4;37mtrain4dSU3.py[0m]8;;\[2;38;2;144;144;144m:[0m]8;id=61068;file:///lus/grand/projects/datascience/foremans/locations/thetaGPU/projects/saforem2/l2hmc-qcd/src/l2hmc/train4dSU3.py#107\[2;37m107[0m]8;;\[2;37m][0m - train step: [38;2;32;148;243m10[0m
[38;2;105;105;105m[07/10/23 00:34:07][0m[34m[INFO][0m[2;38;2;144;144;144m[[0m]8;id=628539;file:///lus/grand/projects/datascience/foremans/locations/thetaGPU/projects/saforem2/l2hmc-qcd/src/l2hmc/common.py\[2;4;38;2;144;144;144mcommon.py[0m]8;;\[2;38;2;144;144;144m:[0m]8;id=880117;file:///lus/grand/projects/datascience/foremans/locations/thetaGPU/projects/saforem2/l2hmc-qcd/src/l2hmc/common.py#97\[2;38;2;144;144;144m97[0m]8;;\[2;38;2;144;144;144m][0m - energy: [1;38;2;255;0;255mtorch.Size[0m[1m([0m[1m[[0m[38;2;32;148;243m3[0m, [38;2;32;148;243m4[0m[1m][0m[1m)[0m torch.float64
[1m[[0m[1m[[0m  [38;2;32;148;243m5.66674341[0m   [38;2;32;148;243m3.02734639[0m [38;2;32;148;243m-19.02910952[0m [38;2;32;148;243m-21.38530018[0m[1m][0m
 [1m[[0m [38;2;32;148;243m10.95753154[0m   [38;2;32;148;243m3.3988199[0m  [38;2;32;148;243m-20.37629906[0m [38;2;32;148;243m-23.36501228[0m[1m][0m
 [1m[[0m [38;2;32;148;243m10.89605334[0m   [38;2;32;148;243m2.55980311[0m [38;2;32;148;243m-20.50273145[0m [38;2;32;148;243m-23.85055777[0m[1m][0m[1m][0m
logprob: [1;38;2;255;0;255mtorch.Size[0m[1m([0m[1m[[0m[38;2;32;148;243m3[0m, [38;2;32;148;243m4[0m[1m][0m[1m)[0m torch.float64 
[1m[[0m[1m[[0m  [38;2;32;148;243m5.66674341[0m   [38;2;32;148;243m3.02734639[0m [38;2;32;148;243m-19.02910952[0m [38;2;32;148;243m-21.38530018[0m[1m][0m
 [1m[[0m [38;2;32;148;243m10.5858978[0m    [38;2;32;148;243m3.16129335[0m [38;2;32;148;243m-20.75113467[0m [38;2;32;148;243m-23.72833024[0m[1m][0m
 [1m[[0m [38;2;32;148;243m10.87941783[0m   [38;2;32;148;243m2.62076544[0m [38;2;32;148;243m-20.48616869[0m [38;2;32;148;243m-23.85434782[0m[1m][0m[1m][0m
logdet: [1;38;2;255;0;255mtorch.Size[0m[1m([0m[1m[[0m[38;2;32;148;243m3[0m, [38;2;32;148;243m4[0m[1m][0m[1m)[0m torch.float64 
[1m[[0m[1m[[0m [38;2;32;148;243m0[0m.          [38;2;32;148;243m0[0m.          [38;2;32;148;243m0[0m.          [38;2;32;148;243m0[0m.        [1m][0m
 [1m[[0m [38;2;32;148;243m0.37163374[0m  [38;2;32;148;243m0.23752655[0m  [38;2;32;148;243m0.37483561[0m  [38;2;32;148;243m0.36331796[0m[1m][0m
 [1m[[0m [38;2;32;148;243m0.01663552[0m [38;2;32;148;243m-0.06096234[0m [38;2;32;148;243m-0.01656276[0m  [38;2;32;148;243m0.00379005[0m[1m][0m[1m][0m
sldf: [1;38;2;255;0;255mtorch.Size[0m[1m([0m[1m[[0m[38;2;32;148;243m3[0m, [38;2;32;148;243m4[0m[1m][0m[1m)[0m torch.float64 
[1m[[0m[1m[[0m[38;2;32;148;243m0[0m.         [38;2;32;148;243m0[0m.         [38;2;32;148;243m0[0m.         [38;2;32;148;243m0[0m.        [1m][0m
 [1m[[0m[38;2;32;148;243m0.37163374[0m [38;2;32;148;243m0.23752655[0m [38;2;32;148;243m0.37483561[0m [38;2;32;148;243m0.36331796[0m[1m][0m
 [1m[[0m[38;2;32;148;243m0[0m.         [38;2;32;148;243m0[0m.         [38;2;32;148;243m0[0m.         [38;2;32;148;243m0[0m.        [1m][0m[1m][0m
sldb: [1;38;2;255;0;255mtorch.Size[0m[1m([0m[1m[[0m[38;2;32;148;243m3[0m, [38;2;32;148;243m4[0m[1m][0m[1m)[0m torch.float64 
[1m[[0m[1m[[0m [38;2;32;148;243m0[0m.          [38;2;32;148;243m0[0m.          [38;2;32;148;243m0[0m.          [38;2;32;148;243m0[0m.        [1m][0m
 [1m[[0m [38;2;32;148;243m0[0m.          [38;2;32;148;243m0[0m.          [38;2;32;148;243m0[0m.          [38;2;32;148;243m0[0m.        [1m][0m
 [1m[[0m[38;2;32;148;243m-0.35499823[0m [38;2;32;148;243m-0.29848889[0m [38;2;32;148;243m-0.39139837[0m [38;2;32;148;243m-0.35952791[0m[1m][0m[1m][0m
sld: [1;38;2;255;0;255mtorch.Size[0m[1m([0m[1m[[0m[38;2;32;148;243m3[0m, [38;2;32;148;243m4[0m[1m][0m[1m)[0m torch.float64 
[1m[[0m[1m[[0m [38;2;32;148;243m0[0m.          [38;2;32;148;243m0[0m.          [38;2;32;148;243m0[0m.          [38;2;32;148;243m0[0m.        [1m][0m
 [1m[[0m [38;2;32;148;243m0.37163374[0m  [38;2;32;148;243m0.23752655[0m  [38;2;32;148;243m0.37483561[0m  [38;2;32;148;243m0.36331796[0m[1m][0m
 [1m[[0m [38;2;32;148;243m0.01663552[0m [38;2;32;148;243m-0.06096234[0m [38;2;32;148;243m-0.01656276[0m  [38;2;32;148;243m0.00379005[0m[1m][0m[1m][0m
xeps: [1;38;2;255;0;255mtorch.Size[0m[1m([0m[1m[[0m[38;2;32;148;243m3[0m[1m][0m[1m)[0m torch.float64 
[1m[[0m[38;2;32;148;243m0.1[0m [38;2;32;148;243m0.1[0m [38;2;32;148;243m0.1[0m[1m][0m
veps: [1;38;2;255;0;255mtorch.Size[0m[1m([0m[1m[[0m[38;2;32;148;243m3[0m[1m][0m[1m)[0m torch.float64 
[1m[[0m[38;2;32;148;243m0.1[0m [38;2;32;148;243m0.1[0m [38;2;32;148;243m0.1[0m[1m][0m
acc: [1;38;2;255;0;255mtorch.Size[0m[1m([0m[1m[[0m[38;2;32;148;243m4[0m[1m][0m[1m)[0m torch.float64 
[1m[[0m[38;2;32;148;243m0.00544709[0m [38;2;32;148;243m1[0m.         [38;2;32;148;243m1[0m.         [38;2;32;148;243m1[0m.        [1m][0m
sumlogdet: [1;38;2;255;0;255mtorch.Size[0m[1m([0m[1m[[0m[38;2;32;148;243m4[0m[1m][0m[1m)[0m torch.float64 
[1m[[0m [38;2;32;148;243m0[0m.         [38;2;32;148;243m-0.06096234[0m [38;2;32;148;243m-0.01656276[0m  [38;2;32;148;243m0.00379005[0m[1m][0m
beta: [1;38;2;255;0;255mtorch.Size[0m[1m([0m[1m[[0m[1m][0m[1m)[0m torch.float64 
[38;2;32;148;243m6.0[0m
acc_mask: [1;38;2;255;0;255mtorch.Size[0m[1m([0m[1m[[0m[38;2;32;148;243m4[0m[1m][0m[1m)[0m torch.float32 
[1m[[0m[38;2;32;148;243m0[0m. [38;2;32;148;243m1[0m. [38;2;32;148;243m1[0m. [38;2;32;148;243m1[0m.[1m][0m
loss: [3;38;2;255;0;255mNone[0m [3;38;2;255;0;255mNone[0m 
[38;2;32;148;243m-0.037833905546516125[0m
plaqs: [1;38;2;255;0;255mtorch.Size[0m[1m([0m[1m[[0m[38;2;32;148;243m4[0m[1m][0m[1m)[0m torch.float64 
[1m[[0m[38;2;32;148;243m-0.17448919[0m  [38;2;32;148;243m0.12808473[0m  [38;2;32;148;243m0.78247066[0m  [38;2;32;148;243m0.58479513[0m[1m][0m
sinQ: [1;38;2;255;0;255mtorch.Size[0m[1m([0m[1m[[0m[38;2;32;148;243m4[0m[1m][0m[1m)[0m torch.float64 
[1m[[0m [38;2;32;148;243m3.72050184e-19[0m [38;2;32;148;243m-4.57233248e-02[0m [38;2;32;148;243m-3.63609388e-03[0m  [38;2;32;148;243m3.74217538e-02[0m[1m][0m
intQ: [1;38;2;255;0;255mtorch.Size[0m[1m([0m[1m[[0m[38;2;32;148;243m4[0m[1m][0m[1m)[0m torch.float64 
[1m[[0m [38;2;32;148;243m2.12043178e-20[0m [38;2;32;148;243m-2.60591703e-03[0m [38;2;32;148;243m-2.07232501e-04[0m  [38;2;32;148;243m2.13278422e-03[0m[1m][0m
dQint: [1;38;2;255;0;255mtorch.Size[0m[1m([0m[1m[[0m[38;2;32;148;243m4[0m[1m][0m[1m)[0m torch.float64 
[1m[[0m[38;2;32;148;243m2.12043178e-20[0m [38;2;32;148;243m1.22328812e-03[0m [38;2;32;148;243m9.82645672e-04[0m [38;2;32;148;243m1.71203374e-03[0m[1m][0m
dQsin: [1;38;2;255;0;255mtorch.Size[0m[1m([0m[1m[[0m[38;2;32;148;243m4[0m[1m][0m[1m)[0m torch.float64 
[1m[[0m[38;2;32;148;243m3.72050184e-19[0m [38;2;32;148;243m2.14637686e-02[0m [38;2;32;148;243m1.72414650e-02[0m [38;2;32;148;243m3.00392813e-02[0m[1m][0m
[38;2;105;105;105m[07/10/23 00:34:07][0m[34m[INFO][0m[2;38;2;144;144;144m[[0m]8;id=849264;file:///lus/grand/projects/datascience/foremans/locations/thetaGPU/projects/saforem2/l2hmc-qcd/src/l2hmc/train4dSU3.py\[2;4;37mtrain4dSU3.py[0m]8;;\[2;38;2;144;144;144m:[0m]8;id=727246;file:///lus/grand/projects/datascience/foremans/locations/thetaGPU/projects/saforem2/l2hmc-qcd/src/l2hmc/train4dSU3.py#107\[2;37m107[0m]8;;\[2;37m][0m - train step: [38;2;32;148;243m11[0m
[38;2;105;105;105m[07/10/23 00:34:07][0m[34m[INFO][0m[2;38;2;144;144;144m[[0m]8;id=553174;file:///lus/grand/projects/datascience/foremans/locations/thetaGPU/projects/saforem2/l2hmc-qcd/src/l2hmc/train4dSU3.py\[2;4;37mtrain4dSU3.py[0m]8;;\[2;38;2;144;144;144m:[0m]8;id=107530;file:///lus/grand/projects/datascience/foremans/locations/thetaGPU/projects/saforem2/l2hmc-qcd/src/l2hmc/train4dSU3.py#107\[2;37m107[0m]8;;\[2;37m][0m - train step: [38;2;32;148;243m12[0m
[38;2;105;105;105m[07/10/23 00:34:07][0m[34m[INFO][0m[2;38;2;144;144;144m[[0m]8;id=910142;file:///lus/grand/projects/datascience/foremans/locations/thetaGPU/projects/saforem2/l2hmc-qcd/src/l2hmc/train4dSU3.py\[2;4;37mtrain4dSU3.py[0m]8;;\[2;38;2;144;144;144m:[0m]8;id=55555;file:///lus/grand/projects/datascience/foremans/locations/thetaGPU/projects/saforem2/l2hmc-qcd/src/l2hmc/train4dSU3.py#107\[2;37m107[0m]8;;\[2;37m][0m - train step: [38;2;32;148;243m13[0m
[38;2;105;105;105m[07/10/23 00:34:07][0m[34m[INFO][0m[2;38;2;144;144;144m[[0m]8;id=572533;file:///lus/grand/projects/datascience/foremans/locations/thetaGPU/projects/saforem2/l2hmc-qcd/src/l2hmc/train4dSU3.py\[2;4;37mtrain4dSU3.py[0m]8;;\[2;38;2;144;144;144m:[0m]8;id=955045;file:///lus/grand/projects/datascience/foremans/locations/thetaGPU/projects/saforem2/l2hmc-qcd/src/l2hmc/train4dSU3.py#107\[2;37m107[0m]8;;\[2;37m][0m - train step: [38;2;32;148;243m14[0m
[38;2;105;105;105m[07/10/23 00:34:08][0m[34m[INFO][0m[2;38;2;144;144;144m[[0m]8;id=167149;file:///lus/grand/projects/datascience/foremans/locations/thetaGPU/projects/saforem2/l2hmc-qcd/src/l2hmc/train4dSU3.py\[2;4;37mtrain4dSU3.py[0m]8;;\[2;38;2;144;144;144m:[0m]8;id=3655;file:///lus/grand/projects/datascience/foremans/locations/thetaGPU/projects/saforem2/l2hmc-qcd/src/l2hmc/train4dSU3.py#107\[2;37m107[0m]8;;\[2;37m][0m - train step: [38;2;32;148;243m15[0m
[38;2;105;105;105m[07/10/23 00:34:08][0m[34m[INFO][0m[2;38;2;144;144;144m[[0m]8;id=585671;file:///lus/grand/projects/datascience/foremans/locations/thetaGPU/projects/saforem2/l2hmc-qcd/src/l2hmc/common.py\[2;4;38;2;144;144;144mcommon.py[0m]8;;\[2;38;2;144;144;144m:[0m]8;id=933700;file:///lus/grand/projects/datascience/foremans/locations/thetaGPU/projects/saforem2/l2hmc-qcd/src/l2hmc/common.py#97\[2;38;2;144;144;144m97[0m]8;;\[2;38;2;144;144;144m][0m - energy: [1;38;2;255;0;255mtorch.Size[0m[1m([0m[1m[[0m[38;2;32;148;243m3[0m, [38;2;32;148;243m4[0m[1m][0m[1m)[0m torch.float64
[1m[[0m[1m[[0m  [38;2;32;148;243m0.37520235[0m  [38;2;32;148;243m-9.50464224[0m [38;2;32;148;243m-33.27895108[0m [38;2;32;148;243m-22.86433634[0m[1m][0m
 [1m[[0m  [38;2;32;148;243m4.99171821[0m [38;2;32;148;243m-10.74253068[0m [38;2;32;148;243m-36.05273482[0m [38;2;32;148;243m-25.25951778[0m[1m][0m
 [1m[[0m  [38;2;32;148;243m4.92135052[0m [38;2;32;148;243m-11.89596429[0m [38;2;32;148;243m-36.39074547[0m [38;2;32;148;243m-25.29695199[0m[1m][0m[1m][0m
logprob: [1;38;2;255;0;255mtorch.Size[0m[1m([0m[1m[[0m[38;2;32;148;243m3[0m, [38;2;32;148;243m4[0m[1m][0m[1m)[0m torch.float64 
[1m[[0m[1m[[0m  [38;2;32;148;243m0.37520235[0m  [38;2;32;148;243m-9.50464224[0m [38;2;32;148;243m-33.27895108[0m [38;2;32;148;243m-22.86433634[0m[1m][0m
 [1m[[0m  [38;2;32;148;243m4.61770548[0m [38;2;32;148;243m-11.12455812[0m [38;2;32;148;243m-36.41298325[0m [38;2;32;148;243m-25.63175236[0m[1m][0m
 [1m[[0m  [38;2;32;148;243m4.9358163[0m  [38;2;32;148;243m-11.90302086[0m [38;2;32;148;243m-36.39913421[0m [38;2;32;148;243m-25.29091928[0m[1m][0m[1m][0m
logdet: [1;38;2;255;0;255mtorch.Size[0m[1m([0m[1m[[0m[38;2;32;148;243m3[0m, [38;2;32;148;243m4[0m[1m][0m[1m)[0m torch.float64 
[1m[[0m[1m[[0m [38;2;32;148;243m0[0m.          [38;2;32;148;243m0[0m.          [38;2;32;148;243m0[0m.          [38;2;32;148;243m0[0m.        [1m][0m
 [1m[[0m [38;2;32;148;243m0.37401273[0m  [38;2;32;148;243m0.38202744[0m  [38;2;32;148;243m0.36024844[0m  [38;2;32;148;243m0.37223459[0m[1m][0m
 [1m[[0m[38;2;32;148;243m-0.01446578[0m  [38;2;32;148;243m0.00705657[0m  [38;2;32;148;243m0.00838874[0m [38;2;32;148;243m-0.00603271[0m[1m][0m[1m][0m
sldf: [1;38;2;255;0;255mtorch.Size[0m[1m([0m[1m[[0m[38;2;32;148;243m3[0m, [38;2;32;148;243m4[0m[1m][0m[1m)[0m torch.float64 
[1m[[0m[1m[[0m[38;2;32;148;243m0[0m.         [38;2;32;148;243m0[0m.         [38;2;32;148;243m0[0m.         [38;2;32;148;243m0[0m.        [1m][0m
 [1m[[0m[38;2;32;148;243m0.37401273[0m [38;2;32;148;243m0.38202744[0m [38;2;32;148;243m0.36024844[0m [38;2;32;148;243m0.37223459[0m[1m][0m
 [1m[[0m[38;2;32;148;243m0[0m.         [38;2;32;148;243m0[0m.         [38;2;32;148;243m0[0m.         [38;2;32;148;243m0[0m.        [1m][0m[1m][0m
sldb: [1;38;2;255;0;255mtorch.Size[0m[1m([0m[1m[[0m[38;2;32;148;243m3[0m, [38;2;32;148;243m4[0m[1m][0m[1m)[0m torch.float64 
[1m[[0m[1m[[0m [38;2;32;148;243m0[0m.          [38;2;32;148;243m0[0m.          [38;2;32;148;243m0[0m.          [38;2;32;148;243m0[0m.        [1m][0m
 [1m[[0m [38;2;32;148;243m0[0m.          [38;2;32;148;243m0[0m.          [38;2;32;148;243m0[0m.          [38;2;32;148;243m0[0m.        [1m][0m
 [1m[[0m[38;2;32;148;243m-0.38847851[0m [38;2;32;148;243m-0.37497088[0m [38;2;32;148;243m-0.35185969[0m [38;2;32;148;243m-0.3782673[0m [1m][0m[1m][0m
sld: [1;38;2;255;0;255mtorch.Size[0m[1m([0m[1m[[0m[38;2;32;148;243m3[0m, [38;2;32;148;243m4[0m[1m][0m[1m)[0m torch.float64 
[1m[[0m[1m[[0m [38;2;32;148;243m0[0m.          [38;2;32;148;243m0[0m.          [38;2;32;148;243m0[0m.          [38;2;32;148;243m0[0m.        [1m][0m
 [1m[[0m [38;2;32;148;243m0.37401273[0m  [38;2;32;148;243m0.38202744[0m  [38;2;32;148;243m0.36024844[0m  [38;2;32;148;243m0.37223459[0m[1m][0m
 [1m[[0m[38;2;32;148;243m-0.01446578[0m  [38;2;32;148;243m0.00705657[0m  [38;2;32;148;243m0.00838874[0m [38;2;32;148;243m-0.00603271[0m[1m][0m[1m][0m
xeps: [1;38;2;255;0;255mtorch.Size[0m[1m([0m[1m[[0m[38;2;32;148;243m3[0m[1m][0m[1m)[0m torch.float64 
[1m[[0m[38;2;32;148;243m0.1[0m [38;2;32;148;243m0.1[0m [38;2;32;148;243m0.1[0m[1m][0m
veps: [1;38;2;255;0;255mtorch.Size[0m[1m([0m[1m[[0m[38;2;32;148;243m3[0m[1m][0m[1m)[0m torch.float64 
[1m[[0m[38;2;32;148;243m0.1[0m [38;2;32;148;243m0.1[0m [38;2;32;148;243m0.1[0m[1m][0m
acc: [1;38;2;255;0;255mtorch.Size[0m[1m([0m[1m[[0m[38;2;32;148;243m4[0m[1m][0m[1m)[0m torch.float64 
[1m[[0m[38;2;32;148;243m0.01045564[0m [38;2;32;148;243m1[0m.         [38;2;32;148;243m1[0m.         [38;2;32;148;243m1[0m.        [1m][0m
sumlogdet: [1;38;2;255;0;255mtorch.Size[0m[1m([0m[1m[[0m[38;2;32;148;243m4[0m[1m][0m[1m)[0m torch.float64 
[1m[[0m[38;2;32;148;243m-0[0m.          [38;2;32;148;243m0.00705657[0m  [38;2;32;148;243m0.00838874[0m [38;2;32;148;243m-0.00603271[0m[1m][0m
beta: [1;38;2;255;0;255mtorch.Size[0m[1m([0m[1m[[0m[1m][0m[1m)[0m torch.float64 
[38;2;32;148;243m6.0[0m
acc_mask: [1;38;2;255;0;255mtorch.Size[0m[1m([0m[1m[[0m[38;2;32;148;243m4[0m[1m][0m[1m)[0m torch.float32 
[1m[[0m[38;2;32;148;243m0[0m. [38;2;32;148;243m1[0m. [38;2;32;148;243m1[0m. [38;2;32;148;243m1[0m.[1m][0m
loss: [3;38;2;255;0;255mNone[0m [3;38;2;255;0;255mNone[0m 
[38;2;32;148;243m-0.04299984584917638[0m
plaqs: [1;38;2;255;0;255mtorch.Size[0m[1m([0m[1m[[0m[38;2;32;148;243m4[0m[1m][0m[1m)[0m torch.float64 
[1m[[0m[38;2;32;148;243m-0.17448919[0m  [38;2;32;148;243m0.39708128[0m  [38;2;32;148;243m0.84450343[0m  [38;2;32;148;243m0.69419573[0m[1m][0m
sinQ: [1;38;2;255;0;255mtorch.Size[0m[1m([0m[1m[[0m[38;2;32;148;243m4[0m[1m][0m[1m)[0m torch.float64 
[1m[[0m[38;2;32;148;243m-9.16418629e-20[0m [38;2;32;148;243m-5.56074717e-02[0m [38;2;32;148;243m-4.09243704e-03[0m [38;2;32;148;243m-3.33816523e-03[0m[1m][0m
intQ: [1;38;2;255;0;255mtorch.Size[0m[1m([0m[1m[[0m[38;2;32;148;243m4[0m[1m][0m[1m)[0m torch.float64 
[1m[[0m[38;2;32;148;243m-5.22295988e-21[0m [38;2;32;148;243m-3.16924585e-03[0m [38;2;32;148;243m-2.33240943e-04[0m [38;2;32;148;243m-1.90252604e-04[0m[1m][0m
dQint: [1;38;2;255;0;255mtorch.Size[0m[1m([0m[1m[[0m[38;2;32;148;243m4[0m[1m][0m[1m)[0m torch.float64 
[1m[[0m[38;2;32;148;243m5.22295988e-21[0m [38;2;32;148;243m2.19841806e-03[0m [38;2;32;148;243m1.99227936e-04[0m [38;2;32;148;243m2.19626403e-04[0m[1m][0m
dQsin: [1;38;2;255;0;255mtorch.Size[0m[1m([0m[1m[[0m[38;2;32;148;243m4[0m[1m][0m[1m)[0m torch.float64 
[1m[[0m[38;2;32;148;243m9.16418629e-20[0m [38;2;32;148;243m3.85733627e-02[0m [38;2;32;148;243m3.49564608e-03[0m [38;2;32;148;243m3.85355682e-03[0m[1m][0m
[38;2;105;105;105m[07/10/23 00:34:08][0m[34m[INFO][0m[2;38;2;144;144;144m[[0m]8;id=929838;file:///lus/grand/projects/datascience/foremans/locations/thetaGPU/projects/saforem2/l2hmc-qcd/src/l2hmc/train4dSU3.py\[2;4;37mtrain4dSU3.py[0m]8;;\[2;38;2;144;144;144m:[0m]8;id=897155;file:///lus/grand/projects/datascience/foremans/locations/thetaGPU/projects/saforem2/l2hmc-qcd/src/l2hmc/train4dSU3.py#107\[2;37m107[0m]8;;\[2;37m][0m - train step: [38;2;32;148;243m16[0m
[38;2;105;105;105m[07/10/23 00:34:08][0m[34m[INFO][0m[2;38;2;144;144;144m[[0m]8;id=563393;file:///lus/grand/projects/datascience/foremans/locations/thetaGPU/projects/saforem2/l2hmc-qcd/src/l2hmc/train4dSU3.py\[2;4;37mtrain4dSU3.py[0m]8;;\[2;38;2;144;144;144m:[0m]8;id=981287;file:///lus/grand/projects/datascience/foremans/locations/thetaGPU/projects/saforem2/l2hmc-qcd/src/l2hmc/train4dSU3.py#107\[2;37m107[0m]8;;\[2;37m][0m - train step: [38;2;32;148;243m17[0m
[38;2;105;105;105m[07/10/23 00:34:08][0m[34m[INFO][0m[2;38;2;144;144;144m[[0m]8;id=182416;file:///lus/grand/projects/datascience/foremans/locations/thetaGPU/projects/saforem2/l2hmc-qcd/src/l2hmc/train4dSU3.py\[2;4;37mtrain4dSU3.py[0m]8;;\[2;38;2;144;144;144m:[0m]8;id=756573;file:///lus/grand/projects/datascience/foremans/locations/thetaGPU/projects/saforem2/l2hmc-qcd/src/l2hmc/train4dSU3.py#107\[2;37m107[0m]8;;\[2;37m][0m - train step: [38;2;32;148;243m18[0m
[38;2;105;105;105m[07/10/23 00:34:09][0m[34m[INFO][0m[2;38;2;144;144;144m[[0m]8;id=212788;file:///lus/grand/projects/datascience/foremans/locations/thetaGPU/projects/saforem2/l2hmc-qcd/src/l2hmc/train4dSU3.py\[2;4;37mtrain4dSU3.py[0m]8;;\[2;38;2;144;144;144m:[0m]8;id=832173;file:///lus/grand/projects/datascience/foremans/locations/thetaGPU/projects/saforem2/l2hmc-qcd/src/l2hmc/train4dSU3.py#107\[2;37m107[0m]8;;\[2;37m][0m - train step: [38;2;32;148;243m19[0m
